11:42:05,724 (AWT-EventQueue-0) DEBUG [DataNucleus.Persistence] - ExecutionContext "org.datanucleus.ExecutionContextImpl@4f2e8797" se abrió para la base de datos "org.datanucleus.store.rdbms.RDBMSStoreManager@23f168a1" con transaccion="org.datanucleus.TransactionImpl@1d529d65"
11:42:05,730 (AWT-EventQueue-0) DEBUG [DataNucleus.Transaction] - Transaction created [DataNucleus Transaction, ID=-1148580989-1, enlisted resources=[]]
11:42:05,730 (AWT-EventQueue-0) DEBUG [DataNucleus.Transaction] - Transacción empezada para el ExecutionContext org.datanucleus.ExecutionContextImpl@4f2e8797 (optimistic=false)
11:42:05,734 (AWT-EventQueue-0) DEBUG [DataNucleus.Query] - Query de SQL : "DELETE FROM A_GUSTAN"
11:42:05,769 (AWT-EventQueue-0) DEBUG [DataNucleus.Connection] - ManagedConnection ABIERTO : "org.datanucleus.store.rdbms.ConnectionFactoryImpl$ManagedConnectionImpl@2f4bb059 [conn=org.datanucleus.store.rdbms.datasource.dbcp2.PoolingDataSource$PoolGuardConnectionWrapper@7c8fdc5b, commitOnRelease=false, closeOnRelease=false, closeOnTxnEnd=true]" en resource "tx" con isolación "read-committed" y auto-commit=false
11:42:05,770 (AWT-EventQueue-0) DEBUG [DataNucleus.Transaction] - Running enlist operation on resource: org.datanucleus.store.rdbms.ConnectionFactoryImpl$EmulatedXAResource@1b7c2da1, error code TMNOFLAGS and transaction [DataNucleus Transaction, ID=-1148580989-1, enlisted resources=[]]
11:42:05,794 (AWT-EventQueue-0) DEBUG [DataNucleus.Datastore] - Utilizando PreparedStatement "org.datanucleus.store.rdbms.ParamLoggingPreparedStatement@4633683e" para la conneccion "org.datanucleus.store.rdbms.datasource.dbcp2.PoolingDataSource$PoolGuardConnectionWrapper@7c8fdc5b"
11:42:05,794 (AWT-EventQueue-0) DEBUG [DataNucleus.Datastore.Native] - DELETE FROM A_GUSTAN
11:42:05,796 (AWT-EventQueue-0) DEBUG [DataNucleus.Datastore.Persist] - SQL Tiempo de cumplir = 2 ms (numero de lineas cambiado = 0) con el PreparedStatement "org.datanucleus.store.rdbms.ParamLoggingPreparedStatement@4633683e"
11:42:05,796 (AWT-EventQueue-0) DEBUG [DataNucleus.Datastore] - Cerrando PreparedStatement "org.datanucleus.store.rdbms.ParamLoggingPreparedStatement@4633683e"
11:42:05,796 (AWT-EventQueue-0) DEBUG [DataNucleus.Query] - Query de SQL : "DELETE FROM A_SIRVEN"
11:42:05,796 (AWT-EventQueue-0) DEBUG [DataNucleus.Datastore] - Utilizando PreparedStatement "org.datanucleus.store.rdbms.ParamLoggingPreparedStatement@1ae91dc0" para la conneccion "org.datanucleus.store.rdbms.datasource.dbcp2.PoolingDataSource$PoolGuardConnectionWrapper@7c8fdc5b"
11:42:05,796 (AWT-EventQueue-0) DEBUG [DataNucleus.Datastore.Native] - DELETE FROM A_SIRVEN
11:42:05,797 (AWT-EventQueue-0) DEBUG [DataNucleus.Datastore.Persist] - SQL Tiempo de cumplir = 1 ms (numero de lineas cambiado = 0) con el PreparedStatement "org.datanucleus.store.rdbms.ParamLoggingPreparedStatement@1ae91dc0"
11:42:05,797 (AWT-EventQueue-0) DEBUG [DataNucleus.Datastore] - Cerrando PreparedStatement "org.datanucleus.store.rdbms.ParamLoggingPreparedStatement@1ae91dc0"
11:42:05,797 (AWT-EventQueue-0) DEBUG [DataNucleus.Query] - Query de SQL : "DELETE FROM A_VISITAN"
11:42:05,797 (AWT-EventQueue-0) DEBUG [DataNucleus.Datastore] - Utilizando PreparedStatement "org.datanucleus.store.rdbms.ParamLoggingPreparedStatement@15b6316e" para la conneccion "org.datanucleus.store.rdbms.datasource.dbcp2.PoolingDataSource$PoolGuardConnectionWrapper@7c8fdc5b"
11:42:05,797 (AWT-EventQueue-0) DEBUG [DataNucleus.Datastore.Native] - DELETE FROM A_VISITAN
11:42:05,799 (AWT-EventQueue-0) DEBUG [DataNucleus.Datastore.Persist] - SQL Tiempo de cumplir = 2 ms (numero de lineas cambiado = 0) con el PreparedStatement "org.datanucleus.store.rdbms.ParamLoggingPreparedStatement@15b6316e"
11:42:05,799 (AWT-EventQueue-0) DEBUG [DataNucleus.Datastore] - Cerrando PreparedStatement "org.datanucleus.store.rdbms.ParamLoggingPreparedStatement@15b6316e"
11:42:05,799 (AWT-EventQueue-0) DEBUG [DataNucleus.Query] - Query de SQL : "DELETE FROM A_BEBIDA"
11:42:05,799 (AWT-EventQueue-0) DEBUG [DataNucleus.Datastore] - Utilizando PreparedStatement "org.datanucleus.store.rdbms.ParamLoggingPreparedStatement@438652e" para la conneccion "org.datanucleus.store.rdbms.datasource.dbcp2.PoolingDataSource$PoolGuardConnectionWrapper@7c8fdc5b"
11:42:05,799 (AWT-EventQueue-0) DEBUG [DataNucleus.Datastore.Native] - DELETE FROM A_BEBIDA
11:42:05,800 (AWT-EventQueue-0) DEBUG [DataNucleus.Datastore.Persist] - SQL Tiempo de cumplir = 1 ms (numero de lineas cambiado = 0) con el PreparedStatement "org.datanucleus.store.rdbms.ParamLoggingPreparedStatement@438652e"
11:42:05,800 (AWT-EventQueue-0) DEBUG [DataNucleus.Datastore] - Cerrando PreparedStatement "org.datanucleus.store.rdbms.ParamLoggingPreparedStatement@438652e"
11:42:05,800 (AWT-EventQueue-0) DEBUG [DataNucleus.Query] - Query de SQL : "DELETE FROM A_TIPOBEBIDA"
11:42:05,801 (AWT-EventQueue-0) DEBUG [DataNucleus.Datastore] - Utilizando PreparedStatement "org.datanucleus.store.rdbms.ParamLoggingPreparedStatement@59179f0f" para la conneccion "org.datanucleus.store.rdbms.datasource.dbcp2.PoolingDataSource$PoolGuardConnectionWrapper@7c8fdc5b"
11:42:05,801 (AWT-EventQueue-0) DEBUG [DataNucleus.Datastore.Native] - DELETE FROM A_TIPOBEBIDA
11:42:05,802 (AWT-EventQueue-0) DEBUG [DataNucleus.Datastore.Persist] - SQL Tiempo de cumplir = 0 ms (numero de lineas cambiado = 0) con el PreparedStatement "org.datanucleus.store.rdbms.ParamLoggingPreparedStatement@59179f0f"
11:42:05,802 (AWT-EventQueue-0) DEBUG [DataNucleus.Datastore] - Cerrando PreparedStatement "org.datanucleus.store.rdbms.ParamLoggingPreparedStatement@59179f0f"
11:42:05,802 (AWT-EventQueue-0) DEBUG [DataNucleus.Query] - Query de SQL : "DELETE FROM A_BEBEDOR"
11:42:05,802 (AWT-EventQueue-0) DEBUG [DataNucleus.Datastore] - Utilizando PreparedStatement "org.datanucleus.store.rdbms.ParamLoggingPreparedStatement@b429ef0" para la conneccion "org.datanucleus.store.rdbms.datasource.dbcp2.PoolingDataSource$PoolGuardConnectionWrapper@7c8fdc5b"
11:42:05,802 (AWT-EventQueue-0) DEBUG [DataNucleus.Datastore.Native] - DELETE FROM A_BEBEDOR
11:42:05,803 (AWT-EventQueue-0) DEBUG [DataNucleus.Datastore.Persist] - SQL Tiempo de cumplir = 1 ms (numero de lineas cambiado = 0) con el PreparedStatement "org.datanucleus.store.rdbms.ParamLoggingPreparedStatement@b429ef0"
11:42:05,803 (AWT-EventQueue-0) DEBUG [DataNucleus.Datastore] - Cerrando PreparedStatement "org.datanucleus.store.rdbms.ParamLoggingPreparedStatement@b429ef0"
11:42:05,803 (AWT-EventQueue-0) DEBUG [DataNucleus.Query] - Query de SQL : "DELETE FROM A_BAR"
11:42:05,803 (AWT-EventQueue-0) DEBUG [DataNucleus.Datastore] - Utilizando PreparedStatement "org.datanucleus.store.rdbms.ParamLoggingPreparedStatement@2fdbf3b7" para la conneccion "org.datanucleus.store.rdbms.datasource.dbcp2.PoolingDataSource$PoolGuardConnectionWrapper@7c8fdc5b"
11:42:05,803 (AWT-EventQueue-0) DEBUG [DataNucleus.Datastore.Native] - DELETE FROM A_BAR
11:42:05,804 (AWT-EventQueue-0) DEBUG [DataNucleus.Datastore.Persist] - SQL Tiempo de cumplir = 1 ms (numero de lineas cambiado = 0) con el PreparedStatement "org.datanucleus.store.rdbms.ParamLoggingPreparedStatement@2fdbf3b7"
11:42:05,804 (AWT-EventQueue-0) DEBUG [DataNucleus.Datastore] - Cerrando PreparedStatement "org.datanucleus.store.rdbms.ParamLoggingPreparedStatement@2fdbf3b7"
11:42:05,804 (AWT-EventQueue-0) DEBUG [DataNucleus.Transaction] - Haciendo commit de la transaacción para el ExecutionContext org.datanucleus.ExecutionContextImpl@4f2e8797
11:42:05,804 (AWT-EventQueue-0) DEBUG [DataNucleus.Persistence] - ExecutionContext.internalFlush() empezado con flush ordenado - 0 objetos registrados
11:42:05,807 (AWT-EventQueue-0) DEBUG [DataNucleus.Persistence] - ExecutionContext.internalFlush() terminado
11:42:05,807 (AWT-EventQueue-0) DEBUG [DataNucleus.Persistence] - Persistence-By-Reachability (commit) : EMPIEZA
11:42:05,807 (AWT-EventQueue-0) DEBUG [DataNucleus.Persistence] - Persistence-By-Reachability (commit) : TERMINADO
11:42:05,807 (AWT-EventQueue-0) DEBUG [DataNucleus.Transaction] - Committing [DataNucleus Transaction, ID=-1148580989-1, enlisted resources=[org.datanucleus.store.rdbms.ConnectionFactoryImpl$EmulatedXAResource@1b7c2da1]]
11:42:05,807 (AWT-EventQueue-0) DEBUG [DataNucleus.Connection] - ManagedConnection VA A COMMIT : "org.datanucleus.store.rdbms.ConnectionFactoryImpl$ManagedConnectionImpl@2f4bb059 [conn=org.datanucleus.store.rdbms.datasource.dbcp2.PoolingDataSource$PoolGuardConnectionWrapper@7c8fdc5b, commitOnRelease=false, closeOnRelease=false, closeOnTxnEnd=true]"
11:42:05,808 (AWT-EventQueue-0) DEBUG [DataNucleus.Connection] - ManagedConnection CERRADO : "org.datanucleus.store.rdbms.ConnectionFactoryImpl$ManagedConnectionImpl@2f4bb059 [conn=org.datanucleus.store.rdbms.datasource.dbcp2.PoolingDataSource$PoolGuardConnectionWrapper@7c8fdc5b, commitOnRelease=false, closeOnRelease=false, closeOnTxnEnd=true]" 
11:42:05,809 (AWT-EventQueue-0) DEBUG [DataNucleus.Transaction] - Transacción committed en 5 ms
11:42:05,810 (AWT-EventQueue-0) DEBUG [DataNucleus.Persistence] - ExecutionContext "org.datanucleus.ExecutionContextImpl@4f2e8797" se cerró
11:26:34,726 (main) DEBUG [DataNucleus.General] - Using PluginRegistry org.datanucleus.plugin.NonManagedPluginRegistry
11:26:34,758 (main) DEBUG [DataNucleus.General] - Registering bundle org.datanucleus.api.jdo version 5.1.7 at URL file:/C:/Users/diego/Documents/Docs%20U/4to%20semestre/Sistrash/SistrashRepo/st-parranderos-jdo-est/lib/datanucleus-api-jdo-5.1.7.jar.
11:26:34,774 (main) DEBUG [DataNucleus.General] - Loading extension points and extensions from plug-in file jar:file:/C:/Users/diego/Documents/Docs%20U/4to%20semestre/Sistrash/SistrashRepo/st-parranderos-jdo-est/lib/datanucleus-api-jdo-5.1.7.jar!/plugin.xml.
11:26:34,780 (main) DEBUG [DataNucleus.General] - Registering bundle org.datanucleus version 5.1.10 at URL file:/C:/Users/diego/Documents/Docs%20U/4to%20semestre/Sistrash/SistrashRepo/st-parranderos-jdo-est/lib/datanucleus-core-5.1.10.jar.
11:26:34,782 (main) DEBUG [DataNucleus.General] - Loading extension points and extensions from plug-in file jar:file:/C:/Users/diego/Documents/Docs%20U/4to%20semestre/Sistrash/SistrashRepo/st-parranderos-jdo-est/lib/datanucleus-core-5.1.10.jar!/plugin.xml.
11:26:34,786 (main) DEBUG [DataNucleus.General] - Registering bundle org.datanucleus.store.rdbms version 5.1.10 at URL file:/C:/Users/diego/Documents/Docs%20U/4to%20semestre/Sistrash/SistrashRepo/st-parranderos-jdo-est/lib/datanucleus-rdbms-5.1.10.jar.
11:26:34,789 (main) DEBUG [DataNucleus.General] - Loading extension points and extensions from plug-in file jar:file:/C:/Users/diego/Documents/Docs%20U/4to%20semestre/Sistrash/SistrashRepo/st-parranderos-jdo-est/lib/datanucleus-rdbms-5.1.10.jar!/plugin.xml.
11:26:34,814 (main) DEBUG [DataNucleus.MetaData] - Parsing MetaData file "file:/C:/Users/diego/Documents/Docs%20U/4to%20semestre/Sistrash/SistrashRepo/st-parranderos-jdo-est/target/classes/META-INF/persistence.xml" using handler "persistence" (validation="false")
11:26:34,826 (main) DEBUG [DataNucleus.Persistence] - Java types support initialising ...
11:26:34,868 (main) DEBUG [DataNucleus.Persistence] - Java types support loaded : supported java types=[B, [C, [D, [F, [I, [J, [Ljava.lang.Boolean;, [Ljava.lang.Byte;, [Ljava.lang.Character;, [Ljava.lang.Double;, [Ljava.lang.Enum;, [Ljava.lang.Float;, [Ljava.lang.Integer;, [Ljava.lang.Long;, [Ljava.lang.Number;, [Ljava.lang.Object;, [Ljava.lang.Short;, [Ljava.lang.String;, [Ljava.math.BigDecimal;, [Ljava.math.BigInteger;, [Ljava.util.Date;, [Ljava.util.Locale;, [S, [Z, boolean, byte, char, double, float, int, java.awt.Color, java.awt.image.BufferedImage, java.lang.Boolean, java.lang.Byte, java.lang.Character, java.lang.Class, java.lang.Double, java.lang.Enum, java.lang.Float, java.lang.Integer, java.lang.Long, java.lang.Number, java.lang.Short, java.lang.String, java.lang.StringBuffer, java.lang.StringBuilder, java.math.BigDecimal, java.math.BigInteger, java.net.URI, java.net.URL, java.sql.Date, java.sql.Time, java.sql.Timestamp, java.time.Duration, java.time.Instant, java.time.LocalDate, java.time.LocalDateTime, java.time.LocalTime, java.time.MonthDay, java.time.OffsetDateTime, java.time.OffsetTime, java.time.Period, java.time.Year, java.time.YearMonth, java.time.ZonedDateTime, java.time.ZoneId, java.time.ZoneOffset, java.util.ArrayList, java.util.Arrays$ArrayList, java.util.BitSet, java.util.Calendar, java.util.Collection, java.util.Currency, java.util.Date, java.util.GregorianCalendar, java.util.HashMap, java.util.HashSet, java.util.Hashtable, java.util.LinkedHashMap, java.util.LinkedHashSet, java.util.LinkedList, java.util.List, java.util.Locale, java.util.Map, java.util.Optional, java.util.PriorityQueue, java.util.Properties, java.util.Queue, java.util.Set, java.util.SortedMap, java.util.SortedSet, java.util.Stack, java.util.TimeZone, java.util.TreeMap, java.util.TreeSet, java.util.UUID, java.util.Vector, long, short
11:26:34,868 (main) DEBUG [DataNucleus.Persistence] - Type converter support initialising ...
11:26:34,889 (main) DEBUG [DataNucleus.Persistence] - Type converter support loaded
11:26:34,889 (main) DEBUG [DataNucleus.Persistence] - TypeConverter(s) available for byte[] to : java.nio.ByteBuffer
11:26:34,889 (main) DEBUG [DataNucleus.Persistence] - TypeConverter(s) available for char[] to : java.nio.ByteBuffer
11:26:34,889 (main) DEBUG [DataNucleus.Persistence] - TypeConverter(s) available for double[] to : java.nio.ByteBuffer
11:26:34,889 (main) DEBUG [DataNucleus.Persistence] - TypeConverter(s) available for float[] to : java.nio.ByteBuffer
11:26:34,889 (main) DEBUG [DataNucleus.Persistence] - TypeConverter(s) available for int[] to : java.nio.ByteBuffer
11:26:34,889 (main) DEBUG [DataNucleus.Persistence] - TypeConverter(s) available for long[] to : java.nio.ByteBuffer
11:26:34,889 (main) DEBUG [DataNucleus.Persistence] - TypeConverter(s) available for [Ljava.math.BigDecimal; to : java.nio.ByteBuffer
11:26:34,889 (main) DEBUG [DataNucleus.Persistence] - TypeConverter(s) available for [Ljava.math.BigInteger; to : java.nio.ByteBuffer
11:26:34,889 (main) DEBUG [DataNucleus.Persistence] - TypeConverter(s) available for short[] to : java.nio.ByteBuffer
11:26:34,889 (main) DEBUG [DataNucleus.Persistence] - TypeConverter(s) available for boolean[] to : java.nio.ByteBuffer
11:26:34,889 (main) DEBUG [DataNucleus.Persistence] - TypeConverter(s) available for java.awt.Color to : java.lang.String,int[]
11:26:34,889 (main) DEBUG [DataNucleus.Persistence] - TypeConverter(s) available for java.awt.image.BufferedImage to : java.nio.ByteBuffer,byte[]
11:26:34,889 (main) DEBUG [DataNucleus.Persistence] - TypeConverter(s) available for java.io.Serializable to : java.lang.String,java.nio.ByteBuffer,byte[]
11:26:34,889 (main) DEBUG [DataNucleus.Persistence] - TypeConverter(s) available for java.lang.Boolean to : java.lang.Integer,java.lang.Character
11:26:34,890 (main) DEBUG [DataNucleus.Persistence] - TypeConverter(s) available for java.lang.Character to : java.lang.String
11:26:34,890 (main) DEBUG [DataNucleus.Persistence] - TypeConverter(s) available for java.lang.Class to : java.lang.String
11:26:34,890 (main) DEBUG [DataNucleus.Persistence] - TypeConverter(s) available for java.lang.Integer to : java.lang.String
11:26:34,890 (main) DEBUG [DataNucleus.Persistence] - TypeConverter(s) available for java.lang.Long to : java.lang.String
11:26:34,890 (main) DEBUG [DataNucleus.Persistence] - TypeConverter(s) available for java.lang.StringBuffer to : java.lang.String
11:26:34,890 (main) DEBUG [DataNucleus.Persistence] - TypeConverter(s) available for java.lang.StringBuilder to : java.lang.String
11:26:34,890 (main) DEBUG [DataNucleus.Persistence] - TypeConverter(s) available for java.math.BigDecimal to : java.lang.String,java.lang.Double
11:26:34,890 (main) DEBUG [DataNucleus.Persistence] - TypeConverter(s) available for java.math.BigInteger to : java.lang.String,java.lang.Long
11:26:34,890 (main) DEBUG [DataNucleus.Persistence] - TypeConverter(s) available for java.net.URI to : java.lang.String
11:26:34,890 (main) DEBUG [DataNucleus.Persistence] - TypeConverter(s) available for java.net.URL to : java.lang.String
11:26:34,890 (main) DEBUG [DataNucleus.Persistence] - TypeConverter(s) available for java.sql.Date to : java.lang.String,java.lang.Long,java.util.Date
11:26:34,890 (main) DEBUG [DataNucleus.Persistence] - TypeConverter(s) available for java.sql.Time to : java.lang.String,java.lang.Long,java.util.Date
11:26:34,890 (main) DEBUG [DataNucleus.Persistence] - TypeConverter(s) available for java.sql.Timestamp to : java.lang.String,java.lang.Long,java.util.Date
11:26:34,890 (main) DEBUG [DataNucleus.Persistence] - TypeConverter(s) available for java.time.Duration to : java.lang.String,java.lang.Long,java.lang.Double
11:26:34,890 (main) DEBUG [DataNucleus.Persistence] - TypeConverter(s) available for java.time.Instant to : java.lang.String,java.sql.Timestamp,java.lang.Long,java.util.Date
11:26:34,890 (main) DEBUG [DataNucleus.Persistence] - TypeConverter(s) available for java.time.LocalDate to : java.lang.String,java.util.Date,java.sql.Date
11:26:34,890 (main) DEBUG [DataNucleus.Persistence] - TypeConverter(s) available for java.time.LocalDateTime to : java.lang.String,java.sql.Timestamp,java.util.Date
11:26:34,890 (main) DEBUG [DataNucleus.Persistence] - TypeConverter(s) available for java.time.LocalTime to : java.lang.String,java.sql.Time,java.lang.Long,java.util.Date
11:26:34,890 (main) DEBUG [DataNucleus.Persistence] - TypeConverter(s) available for java.time.MonthDay to : java.lang.String,int[],java.util.Date,java.sql.Date
11:26:34,890 (main) DEBUG [DataNucleus.Persistence] - TypeConverter(s) available for java.time.OffsetDateTime to : java.lang.String,java.sql.Timestamp,java.util.Date
11:26:34,890 (main) DEBUG [DataNucleus.Persistence] - TypeConverter(s) available for java.time.OffsetTime to : java.lang.String,java.lang.Long,java.sql.Time
11:26:34,890 (main) DEBUG [DataNucleus.Persistence] - TypeConverter(s) available for java.time.Period to : java.lang.String,int[]
11:26:34,890 (main) DEBUG [DataNucleus.Persistence] - TypeConverter(s) available for java.time.Year to : java.lang.String,java.lang.Integer
11:26:34,890 (main) DEBUG [DataNucleus.Persistence] - TypeConverter(s) available for java.time.YearMonth to : java.lang.String,int[],java.util.Date,java.sql.Date
11:26:34,890 (main) DEBUG [DataNucleus.Persistence] - TypeConverter(s) available for java.time.ZonedDateTime to : java.lang.String,java.sql.Timestamp
11:26:34,890 (main) DEBUG [DataNucleus.Persistence] - TypeConverter(s) available for java.time.ZoneId to : java.lang.String
11:26:34,891 (main) DEBUG [DataNucleus.Persistence] - TypeConverter(s) available for java.time.ZoneOffset to : java.lang.String
11:26:34,891 (main) DEBUG [DataNucleus.Persistence] - TypeConverter(s) available for java.util.BitSet to : java.lang.String
11:26:34,891 (main) DEBUG [DataNucleus.Persistence] - TypeConverter(s) available for java.util.Calendar to : java.lang.String,java.sql.Timestamp,[Ljava.lang.Object;,java.util.Date
11:26:34,891 (main) DEBUG [DataNucleus.Persistence] - TypeConverter(s) available for java.util.Currency to : java.lang.String
11:26:34,891 (main) DEBUG [DataNucleus.Persistence] - TypeConverter(s) available for java.util.Date to : java.lang.String,java.lang.Long
11:26:34,891 (main) DEBUG [DataNucleus.Persistence] - TypeConverter(s) available for java.util.Locale to : java.lang.String
11:26:34,891 (main) DEBUG [DataNucleus.Persistence] - TypeConverter(s) available for java.util.TimeZone to : java.lang.String
11:26:34,891 (main) DEBUG [DataNucleus.Persistence] - TypeConverter(s) available for java.util.UUID to : java.lang.String
11:26:34,891 (main) DEBUG [DataNucleus.MetaData] - MetaDataManager : Input=(XML,Annotations), XML-Validation=false, XML-Suffices=(persistence=*.jdo, orm=orm, query=*.jdoquery) mapping-name=oracle, JDO-listener=false
11:26:34,891 (main) DEBUG [DataNucleus.MetaData] - MetaData Management : Loading Metadata for persistence-unit "Parranderos" ...
11:26:34,891 (main) DEBUG [DataNucleus.MetaData] - MetaData Management : Load of Metadata complete
11:26:34,893 (main) DEBUG [DataNucleus.Datastore] - Creating StoreManager for datastore
11:26:35,039 (main) DEBUG [DataNucleus.Connection] - Created ConnectionPool "tx" as data source using pooling type of dbcp2-builtin
11:26:35,039 (main) DEBUG [DataNucleus.Connection] - Registered transactional connection factory under name "rdbms/tx"
11:26:35,039 (main) DEBUG [DataNucleus.Connection] - Registered nontransactional connection factory under name "rdbms/nontx"
11:26:35,048 (main) DEBUG [DataNucleus.Connection] - Created ConnectionPool "nontx" as data source using pooling type of dbcp2-builtin
11:26:36,668 (main) ERROR [DataNucleus.Datastore.Schema] - Failed initialising database.
ORA-01017: invalid username/password; logon denied

org.datanucleus.exceptions.NucleusDataStoreException: ORA-01017: invalid username/password; logon denied

	at org.datanucleus.store.rdbms.ConnectionFactoryImpl$ManagedConnectionImpl.getConnection(ConnectionFactoryImpl.java:518)
	at org.datanucleus.store.rdbms.RDBMSStoreManager.<init>(RDBMSStoreManager.java:290)
	at sun.reflect.NativeConstructorAccessorImpl.newInstance0(Native Method)
	at sun.reflect.NativeConstructorAccessorImpl.newInstance(Unknown Source)
	at sun.reflect.DelegatingConstructorAccessorImpl.newInstance(Unknown Source)
	at java.lang.reflect.Constructor.newInstance(Unknown Source)
	at org.datanucleus.plugin.NonManagedPluginRegistry.createExecutableExtension(NonManagedPluginRegistry.java:660)
	at org.datanucleus.plugin.PluginManager.createExecutableExtension(PluginManager.java:295)
	at org.datanucleus.NucleusContextHelper.createStoreManagerForProperties(NucleusContextHelper.java:140)
	at org.datanucleus.PersistenceNucleusContextImpl.initialise(PersistenceNucleusContextImpl.java:445)
	at org.datanucleus.api.jdo.JDOPersistenceManagerFactory.freezeConfiguration(JDOPersistenceManagerFactory.java:855)
	at org.datanucleus.api.jdo.JDOPersistenceManagerFactory.createPersistenceManagerFactory(JDOPersistenceManagerFactory.java:346)
	at org.datanucleus.api.jdo.JDOPersistenceManagerFactory.getPersistenceManagerFactory(JDOPersistenceManagerFactory.java:225)
	at sun.reflect.NativeMethodAccessorImpl.invoke0(Native Method)
	at sun.reflect.NativeMethodAccessorImpl.invoke(Unknown Source)
	at sun.reflect.DelegatingMethodAccessorImpl.invoke(Unknown Source)
	at java.lang.reflect.Method.invoke(Unknown Source)
	at javax.jdo.JDOHelper$16.run(JDOHelper.java:1975)
	at java.security.AccessController.doPrivileged(Native Method)
	at javax.jdo.JDOHelper.invoke(JDOHelper.java:1970)
	at javax.jdo.JDOHelper.invokeGetPersistenceManagerFactoryOnImplementation(JDOHelper.java:1177)
	at javax.jdo.JDOHelper.getPersistenceManagerFactory(JDOHelper.java:851)
	at javax.jdo.JDOHelper.getPersistenceManagerFactory(JDOHelper.java:1109)
	at javax.jdo.JDOHelper.getPersistenceManagerFactory(JDOHelper.java:924)
	at uniandes.isis2304.parranderos.persistencia.PersistenciaParranderos.<init>(PersistenciaParranderos.java:161)
	at uniandes.isis2304.parranderos.persistencia.PersistenciaParranderos.getInstance(PersistenciaParranderos.java:185)
	at uniandes.isis2304.parranderos.negocio.Parranderos.<init>(Parranderos.java:67)
	at uniandes.isis2304.parranderos.interfazApp.InterfazParranderosApp.<init>(InterfazParranderosApp.java:129)
	at uniandes.isis2304.parranderos.interfazApp.InterfazParranderosApp.main(InterfazParranderosApp.java:647)
Caused by: java.sql.SQLException: ORA-01017: invalid username/password; logon denied

	at oracle.jdbc.driver.T4CTTIoer11.processError(T4CTTIoer11.java:494)
	at oracle.jdbc.driver.T4CTTIoer11.processError(T4CTTIoer11.java:441)
	at oracle.jdbc.driver.T4CTTIoer11.processError(T4CTTIoer11.java:436)
	at oracle.jdbc.driver.T4CTTIfun.processError(T4CTTIfun.java:1061)
	at oracle.jdbc.driver.T4CTTIoauthenticate.processError(T4CTTIoauthenticate.java:550)
	at oracle.jdbc.driver.T4CTTIfun.receive(T4CTTIfun.java:623)
	at oracle.jdbc.driver.T4CTTIfun.doRPC(T4CTTIfun.java:252)
	at oracle.jdbc.driver.T4CTTIoauthenticate.doOAUTH(T4CTTIoauthenticate.java:499)
	at oracle.jdbc.driver.T4CTTIoauthenticate.doOAUTH(T4CTTIoauthenticate.java:1279)
	at oracle.jdbc.driver.T4CConnection.logon(T4CConnection.java:663)
	at oracle.jdbc.driver.PhysicalConnection.connect(PhysicalConnection.java:688)
	at oracle.jdbc.driver.T4CDriverExtension.getConnection(T4CDriverExtension.java:39)
	at oracle.jdbc.driver.OracleDriver.connect(OracleDriver.java:691)
	at java.sql.DriverManager.getConnection(Unknown Source)
	at java.sql.DriverManager.getConnection(Unknown Source)
	at org.datanucleus.store.rdbms.datasource.dbcp2.DriverManagerConnectionFactory.createConnection(DriverManagerConnectionFactory.java:79)
	at org.datanucleus.store.rdbms.datasource.dbcp2.PoolableConnectionFactory.makeObject(PoolableConnectionFactory.java:254)
	at org.datanucleus.store.rdbms.datasource.dbcp2.pool2.impl.GenericObjectPool.create(GenericObjectPool.java:864)
	at org.datanucleus.store.rdbms.datasource.dbcp2.pool2.impl.GenericObjectPool.borrowObject(GenericObjectPool.java:434)
	at org.datanucleus.store.rdbms.datasource.dbcp2.pool2.impl.GenericObjectPool.borrowObject(GenericObjectPool.java:362)
	at org.datanucleus.store.rdbms.datasource.dbcp2.PoolingDataSource.getConnection(PoolingDataSource.java:132)
	at org.datanucleus.store.rdbms.ConnectionFactoryImpl$ManagedConnectionImpl.getConnection(ConnectionFactoryImpl.java:501)
	... 28 more
Nested Throwables StackTrace:
java.sql.SQLException: ORA-01017: invalid username/password; logon denied

	at oracle.jdbc.driver.T4CTTIoer11.processError(T4CTTIoer11.java:494)
	at oracle.jdbc.driver.T4CTTIoer11.processError(T4CTTIoer11.java:441)
	at oracle.jdbc.driver.T4CTTIoer11.processError(T4CTTIoer11.java:436)
	at oracle.jdbc.driver.T4CTTIfun.processError(T4CTTIfun.java:1061)
	at oracle.jdbc.driver.T4CTTIoauthenticate.processError(T4CTTIoauthenticate.java:550)
	at oracle.jdbc.driver.T4CTTIfun.receive(T4CTTIfun.java:623)
	at oracle.jdbc.driver.T4CTTIfun.doRPC(T4CTTIfun.java:252)
	at oracle.jdbc.driver.T4CTTIoauthenticate.doOAUTH(T4CTTIoauthenticate.java:499)
	at oracle.jdbc.driver.T4CTTIoauthenticate.doOAUTH(T4CTTIoauthenticate.java:1279)
	at oracle.jdbc.driver.T4CConnection.logon(T4CConnection.java:663)
	at oracle.jdbc.driver.PhysicalConnection.connect(PhysicalConnection.java:688)
	at oracle.jdbc.driver.T4CDriverExtension.getConnection(T4CDriverExtension.java:39)
	at oracle.jdbc.driver.OracleDriver.connect(OracleDriver.java:691)
	at java.sql.DriverManager.getConnection(Unknown Source)
	at java.sql.DriverManager.getConnection(Unknown Source)
	at org.datanucleus.store.rdbms.datasource.dbcp2.DriverManagerConnectionFactory.createConnection(DriverManagerConnectionFactory.java:79)
	at org.datanucleus.store.rdbms.datasource.dbcp2.PoolableConnectionFactory.makeObject(PoolableConnectionFactory.java:254)
	at org.datanucleus.store.rdbms.datasource.dbcp2.pool2.impl.GenericObjectPool.create(GenericObjectPool.java:864)
	at org.datanucleus.store.rdbms.datasource.dbcp2.pool2.impl.GenericObjectPool.borrowObject(GenericObjectPool.java:434)
	at org.datanucleus.store.rdbms.datasource.dbcp2.pool2.impl.GenericObjectPool.borrowObject(GenericObjectPool.java:362)
	at org.datanucleus.store.rdbms.datasource.dbcp2.PoolingDataSource.getConnection(PoolingDataSource.java:132)
	at org.datanucleus.store.rdbms.ConnectionFactoryImpl$ManagedConnectionImpl.getConnection(ConnectionFactoryImpl.java:501)
	at org.datanucleus.store.rdbms.RDBMSStoreManager.<init>(RDBMSStoreManager.java:290)
	at sun.reflect.NativeConstructorAccessorImpl.newInstance0(Native Method)
	at sun.reflect.NativeConstructorAccessorImpl.newInstance(Unknown Source)
	at sun.reflect.DelegatingConstructorAccessorImpl.newInstance(Unknown Source)
	at java.lang.reflect.Constructor.newInstance(Unknown Source)
	at org.datanucleus.plugin.NonManagedPluginRegistry.createExecutableExtension(NonManagedPluginRegistry.java:660)
	at org.datanucleus.plugin.PluginManager.createExecutableExtension(PluginManager.java:295)
	at org.datanucleus.NucleusContextHelper.createStoreManagerForProperties(NucleusContextHelper.java:140)
	at org.datanucleus.PersistenceNucleusContextImpl.initialise(PersistenceNucleusContextImpl.java:445)
	at org.datanucleus.api.jdo.JDOPersistenceManagerFactory.freezeConfiguration(JDOPersistenceManagerFactory.java:855)
	at org.datanucleus.api.jdo.JDOPersistenceManagerFactory.createPersistenceManagerFactory(JDOPersistenceManagerFactory.java:346)
	at org.datanucleus.api.jdo.JDOPersistenceManagerFactory.getPersistenceManagerFactory(JDOPersistenceManagerFactory.java:225)
	at sun.reflect.NativeMethodAccessorImpl.invoke0(Native Method)
	at sun.reflect.NativeMethodAccessorImpl.invoke(Unknown Source)
	at sun.reflect.DelegatingMethodAccessorImpl.invoke(Unknown Source)
	at java.lang.reflect.Method.invoke(Unknown Source)
	at javax.jdo.JDOHelper$16.run(JDOHelper.java:1975)
	at java.security.AccessController.doPrivileged(Native Method)
	at javax.jdo.JDOHelper.invoke(JDOHelper.java:1970)
	at javax.jdo.JDOHelper.invokeGetPersistenceManagerFactoryOnImplementation(JDOHelper.java:1177)
	at javax.jdo.JDOHelper.getPersistenceManagerFactory(JDOHelper.java:851)
	at javax.jdo.JDOHelper.getPersistenceManagerFactory(JDOHelper.java:1109)
	at javax.jdo.JDOHelper.getPersistenceManagerFactory(JDOHelper.java:924)
	at uniandes.isis2304.parranderos.persistencia.PersistenciaParranderos.<init>(PersistenciaParranderos.java:161)
	at uniandes.isis2304.parranderos.persistencia.PersistenciaParranderos.getInstance(PersistenciaParranderos.java:185)
	at uniandes.isis2304.parranderos.negocio.Parranderos.<init>(Parranderos.java:67)
	at uniandes.isis2304.parranderos.interfazApp.InterfazParranderosApp.<init>(InterfazParranderosApp.java:129)
	at uniandes.isis2304.parranderos.interfazApp.InterfazParranderosApp.main(InterfazParranderosApp.java:647)
11:26:36,670 (main) ERROR [DataNucleus.Datastore] - Exception thrown creating StoreManager : ORA-01017: invalid username/password; logon denied

11:38:32,080 (main) DEBUG [DataNucleus.General] - Using PluginRegistry org.datanucleus.plugin.NonManagedPluginRegistry
11:38:32,096 (main) DEBUG [DataNucleus.General] - Registering bundle org.datanucleus.api.jdo version 5.1.7 at URL file:/C:/Users/diego/Documents/Docs%20U/4to%20semestre/Sistrash/SistrashRepo/st-parranderos-jdo-est/lib/datanucleus-api-jdo-5.1.7.jar.
11:38:32,108 (main) DEBUG [DataNucleus.General] - Loading extension points and extensions from plug-in file jar:file:/C:/Users/diego/Documents/Docs%20U/4to%20semestre/Sistrash/SistrashRepo/st-parranderos-jdo-est/lib/datanucleus-api-jdo-5.1.7.jar!/plugin.xml.
11:38:32,113 (main) DEBUG [DataNucleus.General] - Registering bundle org.datanucleus version 5.1.10 at URL file:/C:/Users/diego/Documents/Docs%20U/4to%20semestre/Sistrash/SistrashRepo/st-parranderos-jdo-est/lib/datanucleus-core-5.1.10.jar.
11:38:32,115 (main) DEBUG [DataNucleus.General] - Loading extension points and extensions from plug-in file jar:file:/C:/Users/diego/Documents/Docs%20U/4to%20semestre/Sistrash/SistrashRepo/st-parranderos-jdo-est/lib/datanucleus-core-5.1.10.jar!/plugin.xml.
11:38:32,120 (main) DEBUG [DataNucleus.General] - Registering bundle org.datanucleus.store.rdbms version 5.1.10 at URL file:/C:/Users/diego/Documents/Docs%20U/4to%20semestre/Sistrash/SistrashRepo/st-parranderos-jdo-est/lib/datanucleus-rdbms-5.1.10.jar.
11:38:32,122 (main) DEBUG [DataNucleus.General] - Loading extension points and extensions from plug-in file jar:file:/C:/Users/diego/Documents/Docs%20U/4to%20semestre/Sistrash/SistrashRepo/st-parranderos-jdo-est/lib/datanucleus-rdbms-5.1.10.jar!/plugin.xml.
11:38:32,146 (main) DEBUG [DataNucleus.MetaData] - Parsing MetaData file "file:/C:/Users/diego/Documents/Docs%20U/4to%20semestre/Sistrash/SistrashRepo/st-parranderos-jdo-est/target/classes/META-INF/persistence.xml" using handler "persistence" (validation="false")
11:38:32,160 (main) DEBUG [DataNucleus.Persistence] - Java types support initialising ...
11:38:32,199 (main) DEBUG [DataNucleus.Persistence] - Java types support loaded : supported java types=[B, [C, [D, [F, [I, [J, [Ljava.lang.Boolean;, [Ljava.lang.Byte;, [Ljava.lang.Character;, [Ljava.lang.Double;, [Ljava.lang.Enum;, [Ljava.lang.Float;, [Ljava.lang.Integer;, [Ljava.lang.Long;, [Ljava.lang.Number;, [Ljava.lang.Object;, [Ljava.lang.Short;, [Ljava.lang.String;, [Ljava.math.BigDecimal;, [Ljava.math.BigInteger;, [Ljava.util.Date;, [Ljava.util.Locale;, [S, [Z, boolean, byte, char, double, float, int, java.awt.Color, java.awt.image.BufferedImage, java.lang.Boolean, java.lang.Byte, java.lang.Character, java.lang.Class, java.lang.Double, java.lang.Enum, java.lang.Float, java.lang.Integer, java.lang.Long, java.lang.Number, java.lang.Short, java.lang.String, java.lang.StringBuffer, java.lang.StringBuilder, java.math.BigDecimal, java.math.BigInteger, java.net.URI, java.net.URL, java.sql.Date, java.sql.Time, java.sql.Timestamp, java.time.Duration, java.time.Instant, java.time.LocalDate, java.time.LocalDateTime, java.time.LocalTime, java.time.MonthDay, java.time.OffsetDateTime, java.time.OffsetTime, java.time.Period, java.time.Year, java.time.YearMonth, java.time.ZonedDateTime, java.time.ZoneId, java.time.ZoneOffset, java.util.ArrayList, java.util.Arrays$ArrayList, java.util.BitSet, java.util.Calendar, java.util.Collection, java.util.Currency, java.util.Date, java.util.GregorianCalendar, java.util.HashMap, java.util.HashSet, java.util.Hashtable, java.util.LinkedHashMap, java.util.LinkedHashSet, java.util.LinkedList, java.util.List, java.util.Locale, java.util.Map, java.util.Optional, java.util.PriorityQueue, java.util.Properties, java.util.Queue, java.util.Set, java.util.SortedMap, java.util.SortedSet, java.util.Stack, java.util.TimeZone, java.util.TreeMap, java.util.TreeSet, java.util.UUID, java.util.Vector, long, short
11:38:32,199 (main) DEBUG [DataNucleus.Persistence] - Type converter support initialising ...
11:38:32,219 (main) DEBUG [DataNucleus.Persistence] - Type converter support loaded
11:38:32,220 (main) DEBUG [DataNucleus.Persistence] - TypeConverter(s) available for byte[] to : java.nio.ByteBuffer
11:38:32,220 (main) DEBUG [DataNucleus.Persistence] - TypeConverter(s) available for char[] to : java.nio.ByteBuffer
11:38:32,220 (main) DEBUG [DataNucleus.Persistence] - TypeConverter(s) available for double[] to : java.nio.ByteBuffer
11:38:32,220 (main) DEBUG [DataNucleus.Persistence] - TypeConverter(s) available for float[] to : java.nio.ByteBuffer
11:38:32,220 (main) DEBUG [DataNucleus.Persistence] - TypeConverter(s) available for int[] to : java.nio.ByteBuffer
11:38:32,220 (main) DEBUG [DataNucleus.Persistence] - TypeConverter(s) available for long[] to : java.nio.ByteBuffer
11:38:32,220 (main) DEBUG [DataNucleus.Persistence] - TypeConverter(s) available for [Ljava.math.BigDecimal; to : java.nio.ByteBuffer
11:38:32,220 (main) DEBUG [DataNucleus.Persistence] - TypeConverter(s) available for [Ljava.math.BigInteger; to : java.nio.ByteBuffer
11:38:32,220 (main) DEBUG [DataNucleus.Persistence] - TypeConverter(s) available for short[] to : java.nio.ByteBuffer
11:38:32,220 (main) DEBUG [DataNucleus.Persistence] - TypeConverter(s) available for boolean[] to : java.nio.ByteBuffer
11:38:32,220 (main) DEBUG [DataNucleus.Persistence] - TypeConverter(s) available for java.awt.Color to : java.lang.String,int[]
11:38:32,220 (main) DEBUG [DataNucleus.Persistence] - TypeConverter(s) available for java.awt.image.BufferedImage to : java.nio.ByteBuffer,byte[]
11:38:32,220 (main) DEBUG [DataNucleus.Persistence] - TypeConverter(s) available for java.io.Serializable to : java.lang.String,java.nio.ByteBuffer,byte[]
11:38:32,220 (main) DEBUG [DataNucleus.Persistence] - TypeConverter(s) available for java.lang.Boolean to : java.lang.Integer,java.lang.Character
11:38:32,220 (main) DEBUG [DataNucleus.Persistence] - TypeConverter(s) available for java.lang.Character to : java.lang.String
11:38:32,220 (main) DEBUG [DataNucleus.Persistence] - TypeConverter(s) available for java.lang.Class to : java.lang.String
11:38:32,220 (main) DEBUG [DataNucleus.Persistence] - TypeConverter(s) available for java.lang.Integer to : java.lang.String
11:38:32,220 (main) DEBUG [DataNucleus.Persistence] - TypeConverter(s) available for java.lang.Long to : java.lang.String
11:38:32,220 (main) DEBUG [DataNucleus.Persistence] - TypeConverter(s) available for java.lang.StringBuffer to : java.lang.String
11:38:32,220 (main) DEBUG [DataNucleus.Persistence] - TypeConverter(s) available for java.lang.StringBuilder to : java.lang.String
11:38:32,221 (main) DEBUG [DataNucleus.Persistence] - TypeConverter(s) available for java.math.BigDecimal to : java.lang.String,java.lang.Double
11:38:32,221 (main) DEBUG [DataNucleus.Persistence] - TypeConverter(s) available for java.math.BigInteger to : java.lang.String,java.lang.Long
11:38:32,221 (main) DEBUG [DataNucleus.Persistence] - TypeConverter(s) available for java.net.URI to : java.lang.String
11:38:32,221 (main) DEBUG [DataNucleus.Persistence] - TypeConverter(s) available for java.net.URL to : java.lang.String
11:38:32,221 (main) DEBUG [DataNucleus.Persistence] - TypeConverter(s) available for java.sql.Date to : java.lang.String,java.lang.Long,java.util.Date
11:38:32,221 (main) DEBUG [DataNucleus.Persistence] - TypeConverter(s) available for java.sql.Time to : java.lang.String,java.lang.Long,java.util.Date
11:38:32,221 (main) DEBUG [DataNucleus.Persistence] - TypeConverter(s) available for java.sql.Timestamp to : java.lang.String,java.lang.Long,java.util.Date
11:38:32,221 (main) DEBUG [DataNucleus.Persistence] - TypeConverter(s) available for java.time.Duration to : java.lang.String,java.lang.Long,java.lang.Double
11:38:32,221 (main) DEBUG [DataNucleus.Persistence] - TypeConverter(s) available for java.time.Instant to : java.lang.String,java.sql.Timestamp,java.lang.Long,java.util.Date
11:38:32,221 (main) DEBUG [DataNucleus.Persistence] - TypeConverter(s) available for java.time.LocalDate to : java.lang.String,java.util.Date,java.sql.Date
11:38:32,221 (main) DEBUG [DataNucleus.Persistence] - TypeConverter(s) available for java.time.LocalDateTime to : java.lang.String,java.sql.Timestamp,java.util.Date
11:38:32,221 (main) DEBUG [DataNucleus.Persistence] - TypeConverter(s) available for java.time.LocalTime to : java.lang.String,java.sql.Time,java.lang.Long,java.util.Date
11:38:32,221 (main) DEBUG [DataNucleus.Persistence] - TypeConverter(s) available for java.time.MonthDay to : java.lang.String,int[],java.util.Date,java.sql.Date
11:38:32,221 (main) DEBUG [DataNucleus.Persistence] - TypeConverter(s) available for java.time.OffsetDateTime to : java.lang.String,java.sql.Timestamp,java.util.Date
11:38:32,221 (main) DEBUG [DataNucleus.Persistence] - TypeConverter(s) available for java.time.OffsetTime to : java.lang.String,java.lang.Long,java.sql.Time
11:38:32,221 (main) DEBUG [DataNucleus.Persistence] - TypeConverter(s) available for java.time.Period to : java.lang.String,int[]
11:38:32,221 (main) DEBUG [DataNucleus.Persistence] - TypeConverter(s) available for java.time.Year to : java.lang.String,java.lang.Integer
11:38:32,221 (main) DEBUG [DataNucleus.Persistence] - TypeConverter(s) available for java.time.YearMonth to : java.lang.String,int[],java.util.Date,java.sql.Date
11:38:32,221 (main) DEBUG [DataNucleus.Persistence] - TypeConverter(s) available for java.time.ZonedDateTime to : java.lang.String,java.sql.Timestamp
11:38:32,221 (main) DEBUG [DataNucleus.Persistence] - TypeConverter(s) available for java.time.ZoneId to : java.lang.String
11:38:32,221 (main) DEBUG [DataNucleus.Persistence] - TypeConverter(s) available for java.time.ZoneOffset to : java.lang.String
11:38:32,221 (main) DEBUG [DataNucleus.Persistence] - TypeConverter(s) available for java.util.BitSet to : java.lang.String
11:38:32,221 (main) DEBUG [DataNucleus.Persistence] - TypeConverter(s) available for java.util.Calendar to : java.lang.String,java.sql.Timestamp,[Ljava.lang.Object;,java.util.Date
11:38:32,221 (main) DEBUG [DataNucleus.Persistence] - TypeConverter(s) available for java.util.Currency to : java.lang.String
11:38:32,221 (main) DEBUG [DataNucleus.Persistence] - TypeConverter(s) available for java.util.Date to : java.lang.String,java.lang.Long
11:38:32,222 (main) DEBUG [DataNucleus.Persistence] - TypeConverter(s) available for java.util.Locale to : java.lang.String
11:38:32,222 (main) DEBUG [DataNucleus.Persistence] - TypeConverter(s) available for java.util.TimeZone to : java.lang.String
11:38:32,222 (main) DEBUG [DataNucleus.Persistence] - TypeConverter(s) available for java.util.UUID to : java.lang.String
11:38:32,222 (main) DEBUG [DataNucleus.MetaData] - MetaDataManager : Input=(XML,Annotations), XML-Validation=false, XML-Suffices=(persistence=*.jdo, orm=orm, query=*.jdoquery) mapping-name=oracle, JDO-listener=false
11:38:32,222 (main) DEBUG [DataNucleus.MetaData] - MetaData Management : Loading Metadata for persistence-unit "Parranderos" ...
11:38:32,222 (main) DEBUG [DataNucleus.MetaData] - MetaData Management : Load of Metadata complete
11:38:32,224 (main) DEBUG [DataNucleus.Datastore] - Creating StoreManager for datastore
11:38:32,356 (main) DEBUG [DataNucleus.Connection] - Created ConnectionPool "tx" as data source using pooling type of dbcp2-builtin
11:38:32,356 (main) DEBUG [DataNucleus.Connection] - Registered transactional connection factory under name "rdbms/tx"
11:38:32,357 (main) DEBUG [DataNucleus.Connection] - Registered nontransactional connection factory under name "rdbms/nontx"
11:38:32,365 (main) DEBUG [DataNucleus.Connection] - Created ConnectionPool "nontx" as data source using pooling type of dbcp2-builtin
11:38:34,719 (main) ERROR [DataNucleus.Datastore.Schema] - Failed initialising database.
ORA-01017: invalid username/password; logon denied

org.datanucleus.exceptions.NucleusDataStoreException: ORA-01017: invalid username/password; logon denied

	at org.datanucleus.store.rdbms.ConnectionFactoryImpl$ManagedConnectionImpl.getConnection(ConnectionFactoryImpl.java:518)
	at org.datanucleus.store.rdbms.RDBMSStoreManager.<init>(RDBMSStoreManager.java:290)
	at sun.reflect.NativeConstructorAccessorImpl.newInstance0(Native Method)
	at sun.reflect.NativeConstructorAccessorImpl.newInstance(Unknown Source)
	at sun.reflect.DelegatingConstructorAccessorImpl.newInstance(Unknown Source)
	at java.lang.reflect.Constructor.newInstance(Unknown Source)
	at org.datanucleus.plugin.NonManagedPluginRegistry.createExecutableExtension(NonManagedPluginRegistry.java:660)
	at org.datanucleus.plugin.PluginManager.createExecutableExtension(PluginManager.java:295)
	at org.datanucleus.NucleusContextHelper.createStoreManagerForProperties(NucleusContextHelper.java:140)
	at org.datanucleus.PersistenceNucleusContextImpl.initialise(PersistenceNucleusContextImpl.java:445)
	at org.datanucleus.api.jdo.JDOPersistenceManagerFactory.freezeConfiguration(JDOPersistenceManagerFactory.java:855)
	at org.datanucleus.api.jdo.JDOPersistenceManagerFactory.createPersistenceManagerFactory(JDOPersistenceManagerFactory.java:346)
	at org.datanucleus.api.jdo.JDOPersistenceManagerFactory.getPersistenceManagerFactory(JDOPersistenceManagerFactory.java:225)
	at sun.reflect.NativeMethodAccessorImpl.invoke0(Native Method)
	at sun.reflect.NativeMethodAccessorImpl.invoke(Unknown Source)
	at sun.reflect.DelegatingMethodAccessorImpl.invoke(Unknown Source)
	at java.lang.reflect.Method.invoke(Unknown Source)
	at javax.jdo.JDOHelper$16.run(JDOHelper.java:1975)
	at java.security.AccessController.doPrivileged(Native Method)
	at javax.jdo.JDOHelper.invoke(JDOHelper.java:1970)
	at javax.jdo.JDOHelper.invokeGetPersistenceManagerFactoryOnImplementation(JDOHelper.java:1177)
	at javax.jdo.JDOHelper.getPersistenceManagerFactory(JDOHelper.java:851)
	at javax.jdo.JDOHelper.getPersistenceManagerFactory(JDOHelper.java:1109)
	at javax.jdo.JDOHelper.getPersistenceManagerFactory(JDOHelper.java:924)
	at uniandes.isis2304.parranderos.persistencia.PersistenciaParranderos.<init>(PersistenciaParranderos.java:161)
	at uniandes.isis2304.parranderos.persistencia.PersistenciaParranderos.getInstance(PersistenciaParranderos.java:185)
	at uniandes.isis2304.parranderos.negocio.Parranderos.<init>(Parranderos.java:67)
	at uniandes.isis2304.parranderos.interfazApp.InterfazParranderosApp.<init>(InterfazParranderosApp.java:129)
	at uniandes.isis2304.parranderos.interfazApp.InterfazParranderosApp.main(InterfazParranderosApp.java:647)
Caused by: java.sql.SQLException: ORA-01017: invalid username/password; logon denied

	at oracle.jdbc.driver.T4CTTIoer11.processError(T4CTTIoer11.java:494)
	at oracle.jdbc.driver.T4CTTIoer11.processError(T4CTTIoer11.java:441)
	at oracle.jdbc.driver.T4CTTIoer11.processError(T4CTTIoer11.java:436)
	at oracle.jdbc.driver.T4CTTIfun.processError(T4CTTIfun.java:1061)
	at oracle.jdbc.driver.T4CTTIoauthenticate.processError(T4CTTIoauthenticate.java:550)
	at oracle.jdbc.driver.T4CTTIfun.receive(T4CTTIfun.java:623)
	at oracle.jdbc.driver.T4CTTIfun.doRPC(T4CTTIfun.java:252)
	at oracle.jdbc.driver.T4CTTIoauthenticate.doOAUTH(T4CTTIoauthenticate.java:499)
	at oracle.jdbc.driver.T4CTTIoauthenticate.doOAUTH(T4CTTIoauthenticate.java:1279)
	at oracle.jdbc.driver.T4CConnection.logon(T4CConnection.java:663)
	at oracle.jdbc.driver.PhysicalConnection.connect(PhysicalConnection.java:688)
	at oracle.jdbc.driver.T4CDriverExtension.getConnection(T4CDriverExtension.java:39)
	at oracle.jdbc.driver.OracleDriver.connect(OracleDriver.java:691)
	at java.sql.DriverManager.getConnection(Unknown Source)
	at java.sql.DriverManager.getConnection(Unknown Source)
	at org.datanucleus.store.rdbms.datasource.dbcp2.DriverManagerConnectionFactory.createConnection(DriverManagerConnectionFactory.java:79)
	at org.datanucleus.store.rdbms.datasource.dbcp2.PoolableConnectionFactory.makeObject(PoolableConnectionFactory.java:254)
	at org.datanucleus.store.rdbms.datasource.dbcp2.pool2.impl.GenericObjectPool.create(GenericObjectPool.java:864)
	at org.datanucleus.store.rdbms.datasource.dbcp2.pool2.impl.GenericObjectPool.borrowObject(GenericObjectPool.java:434)
	at org.datanucleus.store.rdbms.datasource.dbcp2.pool2.impl.GenericObjectPool.borrowObject(GenericObjectPool.java:362)
	at org.datanucleus.store.rdbms.datasource.dbcp2.PoolingDataSource.getConnection(PoolingDataSource.java:132)
	at org.datanucleus.store.rdbms.ConnectionFactoryImpl$ManagedConnectionImpl.getConnection(ConnectionFactoryImpl.java:501)
	... 28 more
Nested Throwables StackTrace:
java.sql.SQLException: ORA-01017: invalid username/password; logon denied

	at oracle.jdbc.driver.T4CTTIoer11.processError(T4CTTIoer11.java:494)
	at oracle.jdbc.driver.T4CTTIoer11.processError(T4CTTIoer11.java:441)
	at oracle.jdbc.driver.T4CTTIoer11.processError(T4CTTIoer11.java:436)
	at oracle.jdbc.driver.T4CTTIfun.processError(T4CTTIfun.java:1061)
	at oracle.jdbc.driver.T4CTTIoauthenticate.processError(T4CTTIoauthenticate.java:550)
	at oracle.jdbc.driver.T4CTTIfun.receive(T4CTTIfun.java:623)
	at oracle.jdbc.driver.T4CTTIfun.doRPC(T4CTTIfun.java:252)
	at oracle.jdbc.driver.T4CTTIoauthenticate.doOAUTH(T4CTTIoauthenticate.java:499)
	at oracle.jdbc.driver.T4CTTIoauthenticate.doOAUTH(T4CTTIoauthenticate.java:1279)
	at oracle.jdbc.driver.T4CConnection.logon(T4CConnection.java:663)
	at oracle.jdbc.driver.PhysicalConnection.connect(PhysicalConnection.java:688)
	at oracle.jdbc.driver.T4CDriverExtension.getConnection(T4CDriverExtension.java:39)
	at oracle.jdbc.driver.OracleDriver.connect(OracleDriver.java:691)
	at java.sql.DriverManager.getConnection(Unknown Source)
	at java.sql.DriverManager.getConnection(Unknown Source)
	at org.datanucleus.store.rdbms.datasource.dbcp2.DriverManagerConnectionFactory.createConnection(DriverManagerConnectionFactory.java:79)
	at org.datanucleus.store.rdbms.datasource.dbcp2.PoolableConnectionFactory.makeObject(PoolableConnectionFactory.java:254)
	at org.datanucleus.store.rdbms.datasource.dbcp2.pool2.impl.GenericObjectPool.create(GenericObjectPool.java:864)
	at org.datanucleus.store.rdbms.datasource.dbcp2.pool2.impl.GenericObjectPool.borrowObject(GenericObjectPool.java:434)
	at org.datanucleus.store.rdbms.datasource.dbcp2.pool2.impl.GenericObjectPool.borrowObject(GenericObjectPool.java:362)
	at org.datanucleus.store.rdbms.datasource.dbcp2.PoolingDataSource.getConnection(PoolingDataSource.java:132)
	at org.datanucleus.store.rdbms.ConnectionFactoryImpl$ManagedConnectionImpl.getConnection(ConnectionFactoryImpl.java:501)
	at org.datanucleus.store.rdbms.RDBMSStoreManager.<init>(RDBMSStoreManager.java:290)
	at sun.reflect.NativeConstructorAccessorImpl.newInstance0(Native Method)
	at sun.reflect.NativeConstructorAccessorImpl.newInstance(Unknown Source)
	at sun.reflect.DelegatingConstructorAccessorImpl.newInstance(Unknown Source)
	at java.lang.reflect.Constructor.newInstance(Unknown Source)
	at org.datanucleus.plugin.NonManagedPluginRegistry.createExecutableExtension(NonManagedPluginRegistry.java:660)
	at org.datanucleus.plugin.PluginManager.createExecutableExtension(PluginManager.java:295)
	at org.datanucleus.NucleusContextHelper.createStoreManagerForProperties(NucleusContextHelper.java:140)
	at org.datanucleus.PersistenceNucleusContextImpl.initialise(PersistenceNucleusContextImpl.java:445)
	at org.datanucleus.api.jdo.JDOPersistenceManagerFactory.freezeConfiguration(JDOPersistenceManagerFactory.java:855)
	at org.datanucleus.api.jdo.JDOPersistenceManagerFactory.createPersistenceManagerFactory(JDOPersistenceManagerFactory.java:346)
	at org.datanucleus.api.jdo.JDOPersistenceManagerFactory.getPersistenceManagerFactory(JDOPersistenceManagerFactory.java:225)
	at sun.reflect.NativeMethodAccessorImpl.invoke0(Native Method)
	at sun.reflect.NativeMethodAccessorImpl.invoke(Unknown Source)
	at sun.reflect.DelegatingMethodAccessorImpl.invoke(Unknown Source)
	at java.lang.reflect.Method.invoke(Unknown Source)
	at javax.jdo.JDOHelper$16.run(JDOHelper.java:1975)
	at java.security.AccessController.doPrivileged(Native Method)
	at javax.jdo.JDOHelper.invoke(JDOHelper.java:1970)
	at javax.jdo.JDOHelper.invokeGetPersistenceManagerFactoryOnImplementation(JDOHelper.java:1177)
	at javax.jdo.JDOHelper.getPersistenceManagerFactory(JDOHelper.java:851)
	at javax.jdo.JDOHelper.getPersistenceManagerFactory(JDOHelper.java:1109)
	at javax.jdo.JDOHelper.getPersistenceManagerFactory(JDOHelper.java:924)
	at uniandes.isis2304.parranderos.persistencia.PersistenciaParranderos.<init>(PersistenciaParranderos.java:161)
	at uniandes.isis2304.parranderos.persistencia.PersistenciaParranderos.getInstance(PersistenciaParranderos.java:185)
	at uniandes.isis2304.parranderos.negocio.Parranderos.<init>(Parranderos.java:67)
	at uniandes.isis2304.parranderos.interfazApp.InterfazParranderosApp.<init>(InterfazParranderosApp.java:129)
	at uniandes.isis2304.parranderos.interfazApp.InterfazParranderosApp.main(InterfazParranderosApp.java:647)
11:38:34,726 (main) ERROR [DataNucleus.Datastore] - Exception thrown creating StoreManager : ORA-01017: invalid username/password; logon denied

08:22:38,491 (main) DEBUG [DataNucleus.General] - Using PluginRegistry org.datanucleus.plugin.NonManagedPluginRegistry
08:22:38,506 (main) DEBUG [DataNucleus.General] - Registering bundle org.datanucleus.api.jdo version 5.1.7 at URL file:/C:/Users/diego/Documents/Docs%20U/4to%20semestre/Sistrash/SistrashRepo/st-parranderos-jdo-est/lib/datanucleus-api-jdo-5.1.7.jar.
08:22:38,517 (main) DEBUG [DataNucleus.General] - Loading extension points and extensions from plug-in file jar:file:/C:/Users/diego/Documents/Docs%20U/4to%20semestre/Sistrash/SistrashRepo/st-parranderos-jdo-est/lib/datanucleus-api-jdo-5.1.7.jar!/plugin.xml.
08:22:38,522 (main) DEBUG [DataNucleus.General] - Registering bundle org.datanucleus version 5.1.10 at URL file:/C:/Users/diego/Documents/Docs%20U/4to%20semestre/Sistrash/SistrashRepo/st-parranderos-jdo-est/lib/datanucleus-core-5.1.10.jar.
08:22:38,523 (main) DEBUG [DataNucleus.General] - Loading extension points and extensions from plug-in file jar:file:/C:/Users/diego/Documents/Docs%20U/4to%20semestre/Sistrash/SistrashRepo/st-parranderos-jdo-est/lib/datanucleus-core-5.1.10.jar!/plugin.xml.
08:22:38,527 (main) DEBUG [DataNucleus.General] - Registering bundle org.datanucleus.store.rdbms version 5.1.10 at URL file:/C:/Users/diego/Documents/Docs%20U/4to%20semestre/Sistrash/SistrashRepo/st-parranderos-jdo-est/lib/datanucleus-rdbms-5.1.10.jar.
08:22:38,530 (main) DEBUG [DataNucleus.General] - Loading extension points and extensions from plug-in file jar:file:/C:/Users/diego/Documents/Docs%20U/4to%20semestre/Sistrash/SistrashRepo/st-parranderos-jdo-est/lib/datanucleus-rdbms-5.1.10.jar!/plugin.xml.
08:22:38,551 (main) DEBUG [DataNucleus.MetaData] - Parsing MetaData file "file:/C:/Users/diego/Documents/Docs%20U/4to%20semestre/Sistrash/SistrashRepo/st-parranderos-jdo-est/target/classes/META-INF/persistence.xml" using handler "persistence" (validation="false")
08:22:38,562 (main) DEBUG [DataNucleus.Persistence] - Java types support initialising ...
08:22:38,597 (main) DEBUG [DataNucleus.Persistence] - Java types support loaded : supported java types=[B, [C, [D, [F, [I, [J, [Ljava.lang.Boolean;, [Ljava.lang.Byte;, [Ljava.lang.Character;, [Ljava.lang.Double;, [Ljava.lang.Enum;, [Ljava.lang.Float;, [Ljava.lang.Integer;, [Ljava.lang.Long;, [Ljava.lang.Number;, [Ljava.lang.Object;, [Ljava.lang.Short;, [Ljava.lang.String;, [Ljava.math.BigDecimal;, [Ljava.math.BigInteger;, [Ljava.util.Date;, [Ljava.util.Locale;, [S, [Z, boolean, byte, char, double, float, int, java.awt.Color, java.awt.image.BufferedImage, java.lang.Boolean, java.lang.Byte, java.lang.Character, java.lang.Class, java.lang.Double, java.lang.Enum, java.lang.Float, java.lang.Integer, java.lang.Long, java.lang.Number, java.lang.Short, java.lang.String, java.lang.StringBuffer, java.lang.StringBuilder, java.math.BigDecimal, java.math.BigInteger, java.net.URI, java.net.URL, java.sql.Date, java.sql.Time, java.sql.Timestamp, java.time.Duration, java.time.Instant, java.time.LocalDate, java.time.LocalDateTime, java.time.LocalTime, java.time.MonthDay, java.time.OffsetDateTime, java.time.OffsetTime, java.time.Period, java.time.Year, java.time.YearMonth, java.time.ZonedDateTime, java.time.ZoneId, java.time.ZoneOffset, java.util.ArrayList, java.util.Arrays$ArrayList, java.util.BitSet, java.util.Calendar, java.util.Collection, java.util.Currency, java.util.Date, java.util.GregorianCalendar, java.util.HashMap, java.util.HashSet, java.util.Hashtable, java.util.LinkedHashMap, java.util.LinkedHashSet, java.util.LinkedList, java.util.List, java.util.Locale, java.util.Map, java.util.Optional, java.util.PriorityQueue, java.util.Properties, java.util.Queue, java.util.Set, java.util.SortedMap, java.util.SortedSet, java.util.Stack, java.util.TimeZone, java.util.TreeMap, java.util.TreeSet, java.util.UUID, java.util.Vector, long, short
08:22:38,597 (main) DEBUG [DataNucleus.Persistence] - Type converter support initialising ...
08:22:38,616 (main) DEBUG [DataNucleus.Persistence] - Type converter support loaded
08:22:38,616 (main) DEBUG [DataNucleus.Persistence] - TypeConverter(s) available for byte[] to : java.nio.ByteBuffer
08:22:38,616 (main) DEBUG [DataNucleus.Persistence] - TypeConverter(s) available for char[] to : java.nio.ByteBuffer
08:22:38,616 (main) DEBUG [DataNucleus.Persistence] - TypeConverter(s) available for double[] to : java.nio.ByteBuffer
08:22:38,616 (main) DEBUG [DataNucleus.Persistence] - TypeConverter(s) available for float[] to : java.nio.ByteBuffer
08:22:38,616 (main) DEBUG [DataNucleus.Persistence] - TypeConverter(s) available for int[] to : java.nio.ByteBuffer
08:22:38,616 (main) DEBUG [DataNucleus.Persistence] - TypeConverter(s) available for long[] to : java.nio.ByteBuffer
08:22:38,616 (main) DEBUG [DataNucleus.Persistence] - TypeConverter(s) available for [Ljava.math.BigDecimal; to : java.nio.ByteBuffer
08:22:38,616 (main) DEBUG [DataNucleus.Persistence] - TypeConverter(s) available for [Ljava.math.BigInteger; to : java.nio.ByteBuffer
08:22:38,616 (main) DEBUG [DataNucleus.Persistence] - TypeConverter(s) available for short[] to : java.nio.ByteBuffer
08:22:38,616 (main) DEBUG [DataNucleus.Persistence] - TypeConverter(s) available for boolean[] to : java.nio.ByteBuffer
08:22:38,616 (main) DEBUG [DataNucleus.Persistence] - TypeConverter(s) available for java.awt.Color to : java.lang.String,int[]
08:22:38,616 (main) DEBUG [DataNucleus.Persistence] - TypeConverter(s) available for java.awt.image.BufferedImage to : java.nio.ByteBuffer,byte[]
08:22:38,616 (main) DEBUG [DataNucleus.Persistence] - TypeConverter(s) available for java.io.Serializable to : java.lang.String,java.nio.ByteBuffer,byte[]
08:22:38,616 (main) DEBUG [DataNucleus.Persistence] - TypeConverter(s) available for java.lang.Boolean to : java.lang.Integer,java.lang.Character
08:22:38,616 (main) DEBUG [DataNucleus.Persistence] - TypeConverter(s) available for java.lang.Character to : java.lang.String
08:22:38,617 (main) DEBUG [DataNucleus.Persistence] - TypeConverter(s) available for java.lang.Class to : java.lang.String
08:22:38,617 (main) DEBUG [DataNucleus.Persistence] - TypeConverter(s) available for java.lang.Integer to : java.lang.String
08:22:38,617 (main) DEBUG [DataNucleus.Persistence] - TypeConverter(s) available for java.lang.Long to : java.lang.String
08:22:38,617 (main) DEBUG [DataNucleus.Persistence] - TypeConverter(s) available for java.lang.StringBuffer to : java.lang.String
08:22:38,617 (main) DEBUG [DataNucleus.Persistence] - TypeConverter(s) available for java.lang.StringBuilder to : java.lang.String
08:22:38,617 (main) DEBUG [DataNucleus.Persistence] - TypeConverter(s) available for java.math.BigDecimal to : java.lang.String,java.lang.Double
08:22:38,617 (main) DEBUG [DataNucleus.Persistence] - TypeConverter(s) available for java.math.BigInteger to : java.lang.String,java.lang.Long
08:22:38,617 (main) DEBUG [DataNucleus.Persistence] - TypeConverter(s) available for java.net.URI to : java.lang.String
08:22:38,617 (main) DEBUG [DataNucleus.Persistence] - TypeConverter(s) available for java.net.URL to : java.lang.String
08:22:38,617 (main) DEBUG [DataNucleus.Persistence] - TypeConverter(s) available for java.sql.Date to : java.lang.String,java.lang.Long,java.util.Date
08:22:38,617 (main) DEBUG [DataNucleus.Persistence] - TypeConverter(s) available for java.sql.Time to : java.lang.String,java.lang.Long,java.util.Date
08:22:38,617 (main) DEBUG [DataNucleus.Persistence] - TypeConverter(s) available for java.sql.Timestamp to : java.lang.String,java.lang.Long,java.util.Date
08:22:38,617 (main) DEBUG [DataNucleus.Persistence] - TypeConverter(s) available for java.time.Duration to : java.lang.String,java.lang.Long,java.lang.Double
08:22:38,617 (main) DEBUG [DataNucleus.Persistence] - TypeConverter(s) available for java.time.Instant to : java.lang.String,java.sql.Timestamp,java.lang.Long,java.util.Date
08:22:38,617 (main) DEBUG [DataNucleus.Persistence] - TypeConverter(s) available for java.time.LocalDate to : java.lang.String,java.util.Date,java.sql.Date
08:22:38,617 (main) DEBUG [DataNucleus.Persistence] - TypeConverter(s) available for java.time.LocalDateTime to : java.lang.String,java.sql.Timestamp,java.util.Date
08:22:38,617 (main) DEBUG [DataNucleus.Persistence] - TypeConverter(s) available for java.time.LocalTime to : java.lang.String,java.sql.Time,java.lang.Long,java.util.Date
08:22:38,617 (main) DEBUG [DataNucleus.Persistence] - TypeConverter(s) available for java.time.MonthDay to : java.lang.String,int[],java.util.Date,java.sql.Date
08:22:38,617 (main) DEBUG [DataNucleus.Persistence] - TypeConverter(s) available for java.time.OffsetDateTime to : java.lang.String,java.sql.Timestamp,java.util.Date
08:22:38,617 (main) DEBUG [DataNucleus.Persistence] - TypeConverter(s) available for java.time.OffsetTime to : java.lang.String,java.lang.Long,java.sql.Time
08:22:38,617 (main) DEBUG [DataNucleus.Persistence] - TypeConverter(s) available for java.time.Period to : java.lang.String,int[]
08:22:38,617 (main) DEBUG [DataNucleus.Persistence] - TypeConverter(s) available for java.time.Year to : java.lang.String,java.lang.Integer
08:22:38,617 (main) DEBUG [DataNucleus.Persistence] - TypeConverter(s) available for java.time.YearMonth to : java.lang.String,int[],java.util.Date,java.sql.Date
08:22:38,617 (main) DEBUG [DataNucleus.Persistence] - TypeConverter(s) available for java.time.ZonedDateTime to : java.lang.String,java.sql.Timestamp
08:22:38,617 (main) DEBUG [DataNucleus.Persistence] - TypeConverter(s) available for java.time.ZoneId to : java.lang.String
08:22:38,617 (main) DEBUG [DataNucleus.Persistence] - TypeConverter(s) available for java.time.ZoneOffset to : java.lang.String
08:22:38,617 (main) DEBUG [DataNucleus.Persistence] - TypeConverter(s) available for java.util.BitSet to : java.lang.String
08:22:38,618 (main) DEBUG [DataNucleus.Persistence] - TypeConverter(s) available for java.util.Calendar to : java.lang.String,java.sql.Timestamp,[Ljava.lang.Object;,java.util.Date
08:22:38,618 (main) DEBUG [DataNucleus.Persistence] - TypeConverter(s) available for java.util.Currency to : java.lang.String
08:22:38,618 (main) DEBUG [DataNucleus.Persistence] - TypeConverter(s) available for java.util.Date to : java.lang.String,java.lang.Long
08:22:38,618 (main) DEBUG [DataNucleus.Persistence] - TypeConverter(s) available for java.util.Locale to : java.lang.String
08:22:38,618 (main) DEBUG [DataNucleus.Persistence] - TypeConverter(s) available for java.util.TimeZone to : java.lang.String
08:22:38,618 (main) DEBUG [DataNucleus.Persistence] - TypeConverter(s) available for java.util.UUID to : java.lang.String
08:22:38,618 (main) DEBUG [DataNucleus.MetaData] - MetaDataManager : Input=(XML,Annotations), XML-Validation=false, XML-Suffices=(persistence=*.jdo, orm=orm, query=*.jdoquery) mapping-name=oracle, JDO-listener=false
08:22:38,618 (main) DEBUG [DataNucleus.MetaData] - MetaData Management : Loading Metadata for persistence-unit "Parranderos" ...
08:22:38,618 (main) DEBUG [DataNucleus.MetaData] - MetaData Management : Load of Metadata complete
08:22:38,620 (main) DEBUG [DataNucleus.Datastore] - Creating StoreManager for datastore
08:22:38,723 (main) DEBUG [DataNucleus.Connection] - Created ConnectionPool "tx" as data source using pooling type of dbcp2-builtin
08:22:38,723 (main) DEBUG [DataNucleus.Connection] - Registered transactional connection factory under name "rdbms/tx"
08:22:38,723 (main) DEBUG [DataNucleus.Connection] - Registered nontransactional connection factory under name "rdbms/nontx"
08:22:38,730 (main) DEBUG [DataNucleus.Connection] - Created ConnectionPool "nontx" as data source using pooling type of dbcp2-builtin
08:22:40,664 (main) DEBUG [DataNucleus.Connection] - ManagedConnection OPENED : "org.datanucleus.store.rdbms.ConnectionFactoryImpl$ManagedConnectionImpl@56cdfb3b [conn=null, commitOnRelease=true, closeOnRelease=true, closeOnTxnEnd=true]" on resource "nontx"
08:22:40,897 (main) DEBUG [DataNucleus.Datastore] - Removing RDBMS support for Java type java.lang.Boolean, jdbc-type=BOOLEAN
08:22:40,897 (main) DEBUG [DataNucleus.Datastore] - RDBMS support configured for "[B" using jdbc-types=[BLOB, VARBINARY, LONGVARBINARY], sql-types=[BLOB, VARBINARY, LONGVARBINARY] with default (jdbc-type=BLOB, sql-type=BLOB)
08:22:40,897 (main) DEBUG [DataNucleus.Datastore] - RDBMS support configured for "java.io.File" using jdbc-types=[LONGVARBINARY], sql-types=[LONGVARBINARY] with default (jdbc-type=LONGVARBINARY, sql-type=LONGVARBINARY)
08:22:40,897 (main) DEBUG [DataNucleus.Datastore] - RDBMS support configured for "java.io.Serializable" using jdbc-types=[BLOB, VARBINARY, LONGVARBINARY], sql-types=[BLOB, VARBINARY, LONGVARBINARY] with default (jdbc-type=BLOB, sql-type=BLOB)
08:22:40,897 (main) DEBUG [DataNucleus.Datastore] - RDBMS support configured for "java.lang.Boolean" using jdbc-types=[NUMERIC, SMALLINT, CHAR, BIT, TINYINT], sql-types=[NUMERIC, SMALLINT, CHAR, BIT, TINYINT] with default (jdbc-type=NUMERIC, sql-type=NUMERIC)
08:22:40,897 (main) DEBUG [DataNucleus.Datastore] - RDBMS support configured for "java.lang.Byte" using jdbc-types=[NUMERIC, SMALLINT, TINYINT], sql-types=[NUMERIC, SMALLINT, TINYINT] with default (jdbc-type=NUMERIC, sql-type=NUMERIC)
08:22:40,897 (main) DEBUG [DataNucleus.Datastore] - RDBMS support configured for "java.lang.Character" using jdbc-types=[NUMERIC, CHAR, INTEGER], sql-types=[NUMERIC, CHAR, INTEGER] with default (jdbc-type=CHAR, sql-type=CHAR)
08:22:40,897 (main) DEBUG [DataNucleus.Datastore] - RDBMS support configured for "java.lang.Double" using jdbc-types=[FLOAT, NUMERIC, DECIMAL, DOUBLE], sql-types=[FLOAT, NUMBER, DECIMAL, DOUBLE] with default (jdbc-type=FLOAT, sql-type=FLOAT)
08:22:40,897 (main) DEBUG [DataNucleus.Datastore] - RDBMS support configured for "java.lang.Float" using jdbc-types=[FLOAT, NUMERIC, REAL, DECIMAL, DOUBLE], sql-types=[FLOAT, NUMBER, REAL, DECIMAL, DOUBLE] with default (jdbc-type=FLOAT, sql-type=FLOAT)
08:22:40,898 (main) DEBUG [DataNucleus.Datastore] - RDBMS support configured for "java.lang.Integer" using jdbc-types=[NUMERIC, SMALLINT, BIGINT, TINYINT, INTEGER], sql-types=[NUMERIC, NUMBER, SMALLINT, BIGINT, TINYINT, INTEGER] with default (jdbc-type=NUMERIC, sql-type=NUMERIC)
08:22:40,898 (main) DEBUG [DataNucleus.Datastore] - RDBMS support configured for "java.lang.Long" using jdbc-types=[NUMERIC, SMALLINT, BIGINT, TINYINT, INTEGER], sql-types=[NUMERIC, NUMBER, SMALLINT, BIGINT, INT, TINYINT] with default (jdbc-type=NUMERIC, sql-type=NUMERIC)
08:22:40,898 (main) DEBUG [DataNucleus.Datastore] - RDBMS support configured for "java.lang.Short" using jdbc-types=[NUMERIC, SMALLINT, TINYINT, INTEGER], sql-types=[NUMERIC, NUMBER, SMALLINT, TINYINT, INTEGER] with default (jdbc-type=NUMERIC, sql-type=NUMERIC)
08:22:40,898 (main) DEBUG [DataNucleus.Datastore] - RDBMS support configured for "java.lang.String" using jdbc-types=[XMLTYPE, BLOB, LONGVARCHAR, CLOB, VARCHAR, CHAR, BIGINT, NVARCHAR, NCHAR], sql-types=[NVARCHAR2, XMLTYPE, BLOB, LONGVARCHAR, CLOB, VARCHAR, CHAR, BIGINT, NVARCHAR, NCHAR] with default (jdbc-type=VARCHAR, sql-type=VARCHAR)
08:22:40,898 (main) DEBUG [DataNucleus.Datastore] - RDBMS support configured for "java.math.BigDecimal" using jdbc-types=[NUMERIC, DECIMAL], sql-types=[NUMERIC, NUMBER, DECIMAL] with default (jdbc-type=NUMERIC, sql-type=NUMERIC)
08:22:40,898 (main) DEBUG [DataNucleus.Datastore] - RDBMS support configured for "java.math.BigInteger" using jdbc-types=[NUMERIC], sql-types=[NUMERIC, NUMBER] with default (jdbc-type=NUMERIC, sql-type=NUMERIC)
08:22:40,898 (main) DEBUG [DataNucleus.Datastore] - RDBMS support configured for "java.sql.Date" using jdbc-types=[DATE, TIMESTAMP, VARCHAR, CHAR, BIGINT], sql-types=[DATE, TIMESTAMP, VARCHAR, CHAR, BIGINT] with default (jdbc-type=DATE, sql-type=DATE)
08:22:40,898 (main) DEBUG [DataNucleus.Datastore] - RDBMS support configured for "java.sql.Time" using jdbc-types=[TIMESTAMP, VARCHAR, CHAR, TIME, BIGINT], sql-types=[TIMESTAMP, VARCHAR, CHAR, TIME, BIGINT] with default (jdbc-type=TIME, sql-type=TIME)
08:22:40,898 (main) DEBUG [DataNucleus.Datastore] - RDBMS support configured for "java.sql.Timestamp" using jdbc-types=[DATE, TIMESTAMP, VARCHAR, CHAR, TIME], sql-types=[DATE, TIMESTAMP, VARCHAR, CHAR, TIME] with default (jdbc-type=TIMESTAMP, sql-type=TIMESTAMP)
08:22:40,898 (main) DEBUG [DataNucleus.Datastore] - RDBMS support configured for "java.util.Date" using jdbc-types=[DATE, TIMESTAMP, VARCHAR, CHAR, TIME, BIGINT], sql-types=[DATE, TIMESTAMP, VARCHAR, CHAR, TIME, BIGINT] with default (jdbc-type=TIMESTAMP, sql-type=TIMESTAMP)
08:22:40,898 (main) DEBUG [DataNucleus.Datastore] - RDBMS support configured for "org.datanucleus.identity.DatastoreId" using jdbc-types=[NUMERIC, VARCHAR, CHAR, BIGINT, INTEGER], sql-types=[NUMERIC, VARCHAR, CHAR, BIGINT, INTEGER] with default (jdbc-type=NUMERIC, sql-type=NUMERIC)
08:22:40,910 (main) DEBUG [DataNucleus.Datastore] - ======================= Datastore =========================
08:22:40,910 (main) DEBUG [DataNucleus.Datastore] - StoreManager : "rdbms" (org.datanucleus.store.rdbms.RDBMSStoreManager)
08:22:40,910 (main) DEBUG [DataNucleus.Datastore] - Datastore : read-write
08:22:40,910 (main) DEBUG [DataNucleus.Datastore] - Schema Control : AutoCreate(None), Validate(None)
08:22:40,910 (main) DEBUG [DataNucleus.Datastore] - Schema : NamingFactory=datanucleus2 identifierCase=null
08:22:40,910 (main) DEBUG [DataNucleus.Datastore] - Query Languages : JDOQL, JPQL, STOREDPROC, SQL
08:22:40,910 (main) DEBUG [DataNucleus.Datastore] - Queries : Timeout=0
08:22:40,910 (main) DEBUG [DataNucleus.Datastore] - ===========================================================
08:22:40,910 (main) DEBUG [DataNucleus.Datastore] - Datastore Adapter : org.datanucleus.store.rdbms.adapter.OracleAdapter
08:22:40,910 (main) DEBUG [DataNucleus.Datastore] - Datastore : name="Oracle" version="Oracle Database 12c Enterprise Edition Release 12.1.0.2.0 - 64bit Production
With the Partitioning, OLAP, Advanced Analytics and Real Application Testing options"
08:22:40,910 (main) DEBUG [DataNucleus.Datastore] - Datastore Driver : name="Oracle JDBC driver" version="12.2.0.1.0"
08:22:40,911 (main) DEBUG [DataNucleus.Datastore] - Primary Connection Factory : URL[jdbc:oracle:thin:@fn3.oracle.virtual.uniandes.edu.co:1521:prod]
08:22:40,911 (main) DEBUG [DataNucleus.Datastore] - Secondary Connection Factory : URL[jdbc:oracle:thin:@fn3.oracle.virtual.uniandes.edu.co:1521:prod]
08:22:40,911 (main) DEBUG [DataNucleus.Datastore] - Datastore Identifiers : factory="datanucleus2" case=UPPERCASE schema=ISIS2304A161910
08:22:40,911 (main) DEBUG [DataNucleus.Datastore] - Supported Identifier Cases : "MixedCase" UPPERCASE "MixedCase-Sensitive" 
08:22:40,911 (main) DEBUG [DataNucleus.Datastore] - Supported Identifier Lengths (max) : Table=30 Column=30 Constraint=30 Index=30 Delimiter="
08:22:40,911 (main) DEBUG [DataNucleus.Datastore] - Support for Identifiers in DDL : catalog=false schema=true
08:22:40,911 (main) DEBUG [DataNucleus.Datastore] - Datastore : checkTableViewExistence, rdbmsConstraintCreateMode=DataNucleus, initialiseColumnInfo=ALL
08:22:40,911 (main) DEBUG [DataNucleus.Datastore] - Support Statement Batching : yes (max-batch-size=50)
08:22:40,911 (main) DEBUG [DataNucleus.Datastore] - Queries : Results direction=forward, type=forward-only, concurrency=read-only
08:22:40,911 (main) DEBUG [DataNucleus.Datastore] - Java-Types : string-default-length=255
08:22:40,911 (main) DEBUG [DataNucleus.Datastore] - JDBC-Types : NCLOB, NCHAR, [id=2007], REF, CLOB, BLOB, ARRAY, STRUCT, DATE, TIME, TIMESTAMP, VARCHAR, LONGVARCHAR, VARBINARY, LONGVARBINARY, BIGINT, TINYINT, BIT, NVARCHAR, [id=-101], CHAR, [id=-103], NUMERIC, [id=-102], DECIMAL, INTEGER, SMALLINT, FLOAT, REAL, DOUBLE, [id=-104]
08:22:40,911 (main) DEBUG [DataNucleus.Datastore] - ===========================================================
08:22:40,912 (main) DEBUG [DataNucleus.Connection] - ManagedConnection CLOSED : "org.datanucleus.store.rdbms.ConnectionFactoryImpl$ManagedConnectionImpl@56cdfb3b [conn=org.datanucleus.store.rdbms.datasource.dbcp2.PoolingDataSource$PoolGuardConnectionWrapper@7283d3eb, commitOnRelease=true, closeOnRelease=true, closeOnTxnEnd=true]"
08:22:40,912 (main) DEBUG [DataNucleus.Datastore] - StoreManager now created
08:22:40,914 (main) DEBUG [DataNucleus.Persistence] - Started pool of ExecutionContext (maxPool=20, reaperThread=false)
08:22:40,920 (main) DEBUG [DataNucleus.Persistence] - ================= NucleusContext ===============
08:22:40,920 (main) DEBUG [DataNucleus.Persistence] - DataNucleus Context : Version "5.1.10" with JRE "1.8.0_201" on "Windows 10"
08:22:40,920 (main) DEBUG [DataNucleus.Persistence] - Persistence API : JDO
08:22:40,920 (main) DEBUG [DataNucleus.Persistence] - Persistence-Unit : Parranderos
08:22:40,920 (main) DEBUG [DataNucleus.Persistence] - Plugin Registry : org.datanucleus.plugin.NonManagedPluginRegistry
08:22:40,920 (main) DEBUG [DataNucleus.Persistence] - ClassLoading : default
08:22:40,920 (main) DEBUG [DataNucleus.Persistence] - Persistence : pm-singlethreaded, nontransactional-read, nontransactional-write, reachability-at-commit, copy-on-attach, managed-relations(checked), deletion-policy=JDO2, serverTimeZone=America/Bogota
08:22:40,920 (main) DEBUG [DataNucleus.Persistence] - Transactions : type=RESOURCE_LOCAL, mode=datastore, isolation=read-committed
08:22:40,920 (main) DEBUG [DataNucleus.Persistence] - ValueGeneration : txn-isolation=read-committed connection=New
08:22:40,920 (main) DEBUG [DataNucleus.Persistence] - Cache : Level1 (soft), Level2 (soft, mode=UNSPECIFIED), QueryResults (soft), Collections/Maps 
08:22:40,920 (main) DEBUG [DataNucleus.Persistence] - ================================================
08:23:12,692 (main) DEBUG [DataNucleus.General] - Using PluginRegistry org.datanucleus.plugin.NonManagedPluginRegistry
08:23:12,709 (main) DEBUG [DataNucleus.General] - Registering bundle org.datanucleus.api.jdo version 5.1.7 at URL file:/C:/Users/diego/Documents/Docs%20U/4to%20semestre/Sistrash/SistrashRepo/st-parranderos-jdo-est/lib/datanucleus-api-jdo-5.1.7.jar.
08:23:12,720 (main) DEBUG [DataNucleus.General] - Loading extension points and extensions from plug-in file jar:file:/C:/Users/diego/Documents/Docs%20U/4to%20semestre/Sistrash/SistrashRepo/st-parranderos-jdo-est/lib/datanucleus-api-jdo-5.1.7.jar!/plugin.xml.
08:23:12,724 (main) DEBUG [DataNucleus.General] - Registering bundle org.datanucleus version 5.1.10 at URL file:/C:/Users/diego/Documents/Docs%20U/4to%20semestre/Sistrash/SistrashRepo/st-parranderos-jdo-est/lib/datanucleus-core-5.1.10.jar.
08:23:12,726 (main) DEBUG [DataNucleus.General] - Loading extension points and extensions from plug-in file jar:file:/C:/Users/diego/Documents/Docs%20U/4to%20semestre/Sistrash/SistrashRepo/st-parranderos-jdo-est/lib/datanucleus-core-5.1.10.jar!/plugin.xml.
08:23:12,731 (main) DEBUG [DataNucleus.General] - Registering bundle org.datanucleus.store.rdbms version 5.1.10 at URL file:/C:/Users/diego/Documents/Docs%20U/4to%20semestre/Sistrash/SistrashRepo/st-parranderos-jdo-est/lib/datanucleus-rdbms-5.1.10.jar.
08:23:12,733 (main) DEBUG [DataNucleus.General] - Loading extension points and extensions from plug-in file jar:file:/C:/Users/diego/Documents/Docs%20U/4to%20semestre/Sistrash/SistrashRepo/st-parranderos-jdo-est/lib/datanucleus-rdbms-5.1.10.jar!/plugin.xml.
08:23:12,756 (main) DEBUG [DataNucleus.MetaData] - Parsing MetaData file "file:/C:/Users/diego/Documents/Docs%20U/4to%20semestre/Sistrash/SistrashRepo/st-parranderos-jdo-est/target/classes/META-INF/persistence.xml" using handler "persistence" (validation="false")
08:23:12,769 (main) DEBUG [DataNucleus.Persistence] - Java types support initialising ...
08:23:12,820 (main) DEBUG [DataNucleus.Persistence] - Java types support loaded : supported java types=[B, [C, [D, [F, [I, [J, [Ljava.lang.Boolean;, [Ljava.lang.Byte;, [Ljava.lang.Character;, [Ljava.lang.Double;, [Ljava.lang.Enum;, [Ljava.lang.Float;, [Ljava.lang.Integer;, [Ljava.lang.Long;, [Ljava.lang.Number;, [Ljava.lang.Object;, [Ljava.lang.Short;, [Ljava.lang.String;, [Ljava.math.BigDecimal;, [Ljava.math.BigInteger;, [Ljava.util.Date;, [Ljava.util.Locale;, [S, [Z, boolean, byte, char, double, float, int, java.awt.Color, java.awt.image.BufferedImage, java.lang.Boolean, java.lang.Byte, java.lang.Character, java.lang.Class, java.lang.Double, java.lang.Enum, java.lang.Float, java.lang.Integer, java.lang.Long, java.lang.Number, java.lang.Short, java.lang.String, java.lang.StringBuffer, java.lang.StringBuilder, java.math.BigDecimal, java.math.BigInteger, java.net.URI, java.net.URL, java.sql.Date, java.sql.Time, java.sql.Timestamp, java.time.Duration, java.time.Instant, java.time.LocalDate, java.time.LocalDateTime, java.time.LocalTime, java.time.MonthDay, java.time.OffsetDateTime, java.time.OffsetTime, java.time.Period, java.time.Year, java.time.YearMonth, java.time.ZonedDateTime, java.time.ZoneId, java.time.ZoneOffset, java.util.ArrayList, java.util.Arrays$ArrayList, java.util.BitSet, java.util.Calendar, java.util.Collection, java.util.Currency, java.util.Date, java.util.GregorianCalendar, java.util.HashMap, java.util.HashSet, java.util.Hashtable, java.util.LinkedHashMap, java.util.LinkedHashSet, java.util.LinkedList, java.util.List, java.util.Locale, java.util.Map, java.util.Optional, java.util.PriorityQueue, java.util.Properties, java.util.Queue, java.util.Set, java.util.SortedMap, java.util.SortedSet, java.util.Stack, java.util.TimeZone, java.util.TreeMap, java.util.TreeSet, java.util.UUID, java.util.Vector, long, short
08:23:12,821 (main) DEBUG [DataNucleus.Persistence] - Type converter support initialising ...
08:23:12,841 (main) DEBUG [DataNucleus.Persistence] - Type converter support loaded
08:23:12,841 (main) DEBUG [DataNucleus.Persistence] - TypeConverter(s) available for byte[] to : java.nio.ByteBuffer
08:23:12,841 (main) DEBUG [DataNucleus.Persistence] - TypeConverter(s) available for char[] to : java.nio.ByteBuffer
08:23:12,841 (main) DEBUG [DataNucleus.Persistence] - TypeConverter(s) available for double[] to : java.nio.ByteBuffer
08:23:12,841 (main) DEBUG [DataNucleus.Persistence] - TypeConverter(s) available for float[] to : java.nio.ByteBuffer
08:23:12,841 (main) DEBUG [DataNucleus.Persistence] - TypeConverter(s) available for int[] to : java.nio.ByteBuffer
08:23:12,841 (main) DEBUG [DataNucleus.Persistence] - TypeConverter(s) available for long[] to : java.nio.ByteBuffer
08:23:12,841 (main) DEBUG [DataNucleus.Persistence] - TypeConverter(s) available for [Ljava.math.BigDecimal; to : java.nio.ByteBuffer
08:23:12,841 (main) DEBUG [DataNucleus.Persistence] - TypeConverter(s) available for [Ljava.math.BigInteger; to : java.nio.ByteBuffer
08:23:12,841 (main) DEBUG [DataNucleus.Persistence] - TypeConverter(s) available for short[] to : java.nio.ByteBuffer
08:23:12,841 (main) DEBUG [DataNucleus.Persistence] - TypeConverter(s) available for boolean[] to : java.nio.ByteBuffer
08:23:12,842 (main) DEBUG [DataNucleus.Persistence] - TypeConverter(s) available for java.awt.Color to : java.lang.String,int[]
08:23:12,842 (main) DEBUG [DataNucleus.Persistence] - TypeConverter(s) available for java.awt.image.BufferedImage to : java.nio.ByteBuffer,byte[]
08:23:12,842 (main) DEBUG [DataNucleus.Persistence] - TypeConverter(s) available for java.io.Serializable to : java.lang.String,java.nio.ByteBuffer,byte[]
08:23:12,842 (main) DEBUG [DataNucleus.Persistence] - TypeConverter(s) available for java.lang.Boolean to : java.lang.Integer,java.lang.Character
08:23:12,842 (main) DEBUG [DataNucleus.Persistence] - TypeConverter(s) available for java.lang.Character to : java.lang.String
08:23:12,842 (main) DEBUG [DataNucleus.Persistence] - TypeConverter(s) available for java.lang.Class to : java.lang.String
08:23:12,842 (main) DEBUG [DataNucleus.Persistence] - TypeConverter(s) available for java.lang.Integer to : java.lang.String
08:23:12,842 (main) DEBUG [DataNucleus.Persistence] - TypeConverter(s) available for java.lang.Long to : java.lang.String
08:23:12,842 (main) DEBUG [DataNucleus.Persistence] - TypeConverter(s) available for java.lang.StringBuffer to : java.lang.String
08:23:12,842 (main) DEBUG [DataNucleus.Persistence] - TypeConverter(s) available for java.lang.StringBuilder to : java.lang.String
08:23:12,842 (main) DEBUG [DataNucleus.Persistence] - TypeConverter(s) available for java.math.BigDecimal to : java.lang.String,java.lang.Double
08:23:12,842 (main) DEBUG [DataNucleus.Persistence] - TypeConverter(s) available for java.math.BigInteger to : java.lang.String,java.lang.Long
08:23:12,842 (main) DEBUG [DataNucleus.Persistence] - TypeConverter(s) available for java.net.URI to : java.lang.String
08:23:12,842 (main) DEBUG [DataNucleus.Persistence] - TypeConverter(s) available for java.net.URL to : java.lang.String
08:23:12,842 (main) DEBUG [DataNucleus.Persistence] - TypeConverter(s) available for java.sql.Date to : java.lang.String,java.lang.Long,java.util.Date
08:23:12,843 (main) DEBUG [DataNucleus.Persistence] - TypeConverter(s) available for java.sql.Time to : java.lang.String,java.lang.Long,java.util.Date
08:23:12,843 (main) DEBUG [DataNucleus.Persistence] - TypeConverter(s) available for java.sql.Timestamp to : java.lang.String,java.lang.Long,java.util.Date
08:23:12,843 (main) DEBUG [DataNucleus.Persistence] - TypeConverter(s) available for java.time.Duration to : java.lang.String,java.lang.Long,java.lang.Double
08:23:12,843 (main) DEBUG [DataNucleus.Persistence] - TypeConverter(s) available for java.time.Instant to : java.lang.String,java.sql.Timestamp,java.lang.Long,java.util.Date
08:23:12,843 (main) DEBUG [DataNucleus.Persistence] - TypeConverter(s) available for java.time.LocalDate to : java.lang.String,java.util.Date,java.sql.Date
08:23:12,843 (main) DEBUG [DataNucleus.Persistence] - TypeConverter(s) available for java.time.LocalDateTime to : java.lang.String,java.sql.Timestamp,java.util.Date
08:23:12,843 (main) DEBUG [DataNucleus.Persistence] - TypeConverter(s) available for java.time.LocalTime to : java.lang.String,java.sql.Time,java.lang.Long,java.util.Date
08:23:12,843 (main) DEBUG [DataNucleus.Persistence] - TypeConverter(s) available for java.time.MonthDay to : java.lang.String,int[],java.util.Date,java.sql.Date
08:23:12,843 (main) DEBUG [DataNucleus.Persistence] - TypeConverter(s) available for java.time.OffsetDateTime to : java.lang.String,java.sql.Timestamp,java.util.Date
08:23:12,843 (main) DEBUG [DataNucleus.Persistence] - TypeConverter(s) available for java.time.OffsetTime to : java.lang.String,java.lang.Long,java.sql.Time
08:23:12,843 (main) DEBUG [DataNucleus.Persistence] - TypeConverter(s) available for java.time.Period to : java.lang.String,int[]
08:23:12,843 (main) DEBUG [DataNucleus.Persistence] - TypeConverter(s) available for java.time.Year to : java.lang.String,java.lang.Integer
08:23:12,843 (main) DEBUG [DataNucleus.Persistence] - TypeConverter(s) available for java.time.YearMonth to : java.lang.String,int[],java.util.Date,java.sql.Date
08:23:12,844 (main) DEBUG [DataNucleus.Persistence] - TypeConverter(s) available for java.time.ZonedDateTime to : java.lang.String,java.sql.Timestamp
08:23:12,844 (main) DEBUG [DataNucleus.Persistence] - TypeConverter(s) available for java.time.ZoneId to : java.lang.String
08:23:12,844 (main) DEBUG [DataNucleus.Persistence] - TypeConverter(s) available for java.time.ZoneOffset to : java.lang.String
08:23:12,844 (main) DEBUG [DataNucleus.Persistence] - TypeConverter(s) available for java.util.BitSet to : java.lang.String
08:23:12,844 (main) DEBUG [DataNucleus.Persistence] - TypeConverter(s) available for java.util.Calendar to : java.lang.String,java.sql.Timestamp,[Ljava.lang.Object;,java.util.Date
08:23:12,844 (main) DEBUG [DataNucleus.Persistence] - TypeConverter(s) available for java.util.Currency to : java.lang.String
08:23:12,844 (main) DEBUG [DataNucleus.Persistence] - TypeConverter(s) available for java.util.Date to : java.lang.String,java.lang.Long
08:23:12,844 (main) DEBUG [DataNucleus.Persistence] - TypeConverter(s) available for java.util.Locale to : java.lang.String
08:23:12,844 (main) DEBUG [DataNucleus.Persistence] - TypeConverter(s) available for java.util.TimeZone to : java.lang.String
08:23:12,844 (main) DEBUG [DataNucleus.Persistence] - TypeConverter(s) available for java.util.UUID to : java.lang.String
08:23:12,844 (main) DEBUG [DataNucleus.MetaData] - MetaDataManager : Input=(XML,Annotations), XML-Validation=false, XML-Suffices=(persistence=*.jdo, orm=orm, query=*.jdoquery) mapping-name=oracle, JDO-listener=false
08:23:12,845 (main) DEBUG [DataNucleus.MetaData] - MetaData Management : Loading Metadata for persistence-unit "Parranderos" ...
08:23:12,845 (main) DEBUG [DataNucleus.MetaData] - MetaData Management : Load of Metadata complete
08:23:12,846 (main) DEBUG [DataNucleus.Datastore] - Creating StoreManager for datastore
08:23:12,948 (main) DEBUG [DataNucleus.Connection] - Created ConnectionPool "tx" as data source using pooling type of dbcp2-builtin
08:23:12,949 (main) DEBUG [DataNucleus.Connection] - Registered transactional connection factory under name "rdbms/tx"
08:23:12,949 (main) DEBUG [DataNucleus.Connection] - Registered nontransactional connection factory under name "rdbms/nontx"
08:23:12,956 (main) DEBUG [DataNucleus.Connection] - Created ConnectionPool "nontx" as data source using pooling type of dbcp2-builtin
08:23:13,937 (main) DEBUG [DataNucleus.Connection] - ManagedConnection OPENED : "org.datanucleus.store.rdbms.ConnectionFactoryImpl$ManagedConnectionImpl@56cdfb3b [conn=null, commitOnRelease=true, closeOnRelease=true, closeOnTxnEnd=true]" on resource "nontx"
08:23:14,097 (main) DEBUG [DataNucleus.Datastore] - Removing RDBMS support for Java type java.lang.Boolean, jdbc-type=BOOLEAN
08:23:14,098 (main) DEBUG [DataNucleus.Datastore] - RDBMS support configured for "[B" using jdbc-types=[BLOB, VARBINARY, LONGVARBINARY], sql-types=[BLOB, VARBINARY, LONGVARBINARY] with default (jdbc-type=BLOB, sql-type=BLOB)
08:23:14,098 (main) DEBUG [DataNucleus.Datastore] - RDBMS support configured for "java.io.File" using jdbc-types=[LONGVARBINARY], sql-types=[LONGVARBINARY] with default (jdbc-type=LONGVARBINARY, sql-type=LONGVARBINARY)
08:23:14,098 (main) DEBUG [DataNucleus.Datastore] - RDBMS support configured for "java.io.Serializable" using jdbc-types=[BLOB, VARBINARY, LONGVARBINARY], sql-types=[BLOB, VARBINARY, LONGVARBINARY] with default (jdbc-type=BLOB, sql-type=BLOB)
08:23:14,098 (main) DEBUG [DataNucleus.Datastore] - RDBMS support configured for "java.lang.Boolean" using jdbc-types=[NUMERIC, SMALLINT, CHAR, BIT, TINYINT], sql-types=[NUMERIC, SMALLINT, CHAR, BIT, TINYINT] with default (jdbc-type=NUMERIC, sql-type=NUMERIC)
08:23:14,098 (main) DEBUG [DataNucleus.Datastore] - RDBMS support configured for "java.lang.Byte" using jdbc-types=[NUMERIC, SMALLINT, TINYINT], sql-types=[NUMERIC, SMALLINT, TINYINT] with default (jdbc-type=NUMERIC, sql-type=NUMERIC)
08:23:14,098 (main) DEBUG [DataNucleus.Datastore] - RDBMS support configured for "java.lang.Character" using jdbc-types=[NUMERIC, CHAR, INTEGER], sql-types=[NUMERIC, CHAR, INTEGER] with default (jdbc-type=CHAR, sql-type=CHAR)
08:23:14,098 (main) DEBUG [DataNucleus.Datastore] - RDBMS support configured for "java.lang.Double" using jdbc-types=[FLOAT, NUMERIC, DECIMAL, DOUBLE], sql-types=[FLOAT, NUMBER, DECIMAL, DOUBLE] with default (jdbc-type=FLOAT, sql-type=FLOAT)
08:23:14,098 (main) DEBUG [DataNucleus.Datastore] - RDBMS support configured for "java.lang.Float" using jdbc-types=[FLOAT, NUMERIC, REAL, DECIMAL, DOUBLE], sql-types=[FLOAT, NUMBER, REAL, DECIMAL, DOUBLE] with default (jdbc-type=FLOAT, sql-type=FLOAT)
08:23:14,098 (main) DEBUG [DataNucleus.Datastore] - RDBMS support configured for "java.lang.Integer" using jdbc-types=[NUMERIC, SMALLINT, BIGINT, TINYINT, INTEGER], sql-types=[NUMERIC, NUMBER, SMALLINT, BIGINT, TINYINT, INTEGER] with default (jdbc-type=NUMERIC, sql-type=NUMERIC)
08:23:14,098 (main) DEBUG [DataNucleus.Datastore] - RDBMS support configured for "java.lang.Long" using jdbc-types=[NUMERIC, SMALLINT, BIGINT, TINYINT, INTEGER], sql-types=[NUMERIC, NUMBER, SMALLINT, BIGINT, INT, TINYINT] with default (jdbc-type=NUMERIC, sql-type=NUMERIC)
08:23:14,098 (main) DEBUG [DataNucleus.Datastore] - RDBMS support configured for "java.lang.Short" using jdbc-types=[NUMERIC, SMALLINT, TINYINT, INTEGER], sql-types=[NUMERIC, NUMBER, SMALLINT, TINYINT, INTEGER] with default (jdbc-type=NUMERIC, sql-type=NUMERIC)
08:23:14,098 (main) DEBUG [DataNucleus.Datastore] - RDBMS support configured for "java.lang.String" using jdbc-types=[XMLTYPE, BLOB, LONGVARCHAR, CLOB, VARCHAR, CHAR, BIGINT, NVARCHAR, NCHAR], sql-types=[NVARCHAR2, XMLTYPE, BLOB, LONGVARCHAR, CLOB, VARCHAR, CHAR, BIGINT, NVARCHAR, NCHAR] with default (jdbc-type=VARCHAR, sql-type=VARCHAR)
08:23:14,098 (main) DEBUG [DataNucleus.Datastore] - RDBMS support configured for "java.math.BigDecimal" using jdbc-types=[NUMERIC, DECIMAL], sql-types=[NUMERIC, NUMBER, DECIMAL] with default (jdbc-type=NUMERIC, sql-type=NUMERIC)
08:23:14,098 (main) DEBUG [DataNucleus.Datastore] - RDBMS support configured for "java.math.BigInteger" using jdbc-types=[NUMERIC], sql-types=[NUMERIC, NUMBER] with default (jdbc-type=NUMERIC, sql-type=NUMERIC)
08:23:14,098 (main) DEBUG [DataNucleus.Datastore] - RDBMS support configured for "java.sql.Date" using jdbc-types=[DATE, TIMESTAMP, VARCHAR, CHAR, BIGINT], sql-types=[DATE, TIMESTAMP, VARCHAR, CHAR, BIGINT] with default (jdbc-type=DATE, sql-type=DATE)
08:23:14,099 (main) DEBUG [DataNucleus.Datastore] - RDBMS support configured for "java.sql.Time" using jdbc-types=[TIMESTAMP, VARCHAR, CHAR, TIME, BIGINT], sql-types=[TIMESTAMP, VARCHAR, CHAR, TIME, BIGINT] with default (jdbc-type=TIME, sql-type=TIME)
08:23:14,099 (main) DEBUG [DataNucleus.Datastore] - RDBMS support configured for "java.sql.Timestamp" using jdbc-types=[DATE, TIMESTAMP, VARCHAR, CHAR, TIME], sql-types=[DATE, TIMESTAMP, VARCHAR, CHAR, TIME] with default (jdbc-type=TIMESTAMP, sql-type=TIMESTAMP)
08:23:14,099 (main) DEBUG [DataNucleus.Datastore] - RDBMS support configured for "java.util.Date" using jdbc-types=[DATE, TIMESTAMP, VARCHAR, CHAR, TIME, BIGINT], sql-types=[DATE, TIMESTAMP, VARCHAR, CHAR, TIME, BIGINT] with default (jdbc-type=TIMESTAMP, sql-type=TIMESTAMP)
08:23:14,100 (main) DEBUG [DataNucleus.Datastore] - RDBMS support configured for "org.datanucleus.identity.DatastoreId" using jdbc-types=[NUMERIC, VARCHAR, CHAR, BIGINT, INTEGER], sql-types=[NUMERIC, VARCHAR, CHAR, BIGINT, INTEGER] with default (jdbc-type=NUMERIC, sql-type=NUMERIC)
08:23:14,110 (main) DEBUG [DataNucleus.Datastore] - ======================= Datastore =========================
08:23:14,110 (main) DEBUG [DataNucleus.Datastore] - StoreManager : "rdbms" (org.datanucleus.store.rdbms.RDBMSStoreManager)
08:23:14,110 (main) DEBUG [DataNucleus.Datastore] - Datastore : read-write
08:23:14,110 (main) DEBUG [DataNucleus.Datastore] - Schema Control : AutoCreate(None), Validate(None)
08:23:14,110 (main) DEBUG [DataNucleus.Datastore] - Schema : NamingFactory=datanucleus2 identifierCase=null
08:23:14,110 (main) DEBUG [DataNucleus.Datastore] - Query Languages : JDOQL, JPQL, STOREDPROC, SQL
08:23:14,110 (main) DEBUG [DataNucleus.Datastore] - Queries : Timeout=0
08:23:14,110 (main) DEBUG [DataNucleus.Datastore] - ===========================================================
08:23:14,110 (main) DEBUG [DataNucleus.Datastore] - Datastore Adapter : org.datanucleus.store.rdbms.adapter.OracleAdapter
08:23:14,110 (main) DEBUG [DataNucleus.Datastore] - Datastore : name="Oracle" version="Oracle Database 12c Enterprise Edition Release 12.1.0.2.0 - 64bit Production
With the Partitioning, OLAP, Advanced Analytics and Real Application Testing options"
08:23:14,110 (main) DEBUG [DataNucleus.Datastore] - Datastore Driver : name="Oracle JDBC driver" version="12.2.0.1.0"
08:23:14,110 (main) DEBUG [DataNucleus.Datastore] - Primary Connection Factory : URL[jdbc:oracle:thin:@fn3.oracle.virtual.uniandes.edu.co:1521:prod]
08:23:14,110 (main) DEBUG [DataNucleus.Datastore] - Secondary Connection Factory : URL[jdbc:oracle:thin:@fn3.oracle.virtual.uniandes.edu.co:1521:prod]
08:23:14,110 (main) DEBUG [DataNucleus.Datastore] - Datastore Identifiers : factory="datanucleus2" case=UPPERCASE schema=ISIS2304A161910
08:23:14,110 (main) DEBUG [DataNucleus.Datastore] - Supported Identifier Cases : "MixedCase" UPPERCASE "MixedCase-Sensitive" 
08:23:14,111 (main) DEBUG [DataNucleus.Datastore] - Supported Identifier Lengths (max) : Table=30 Column=30 Constraint=30 Index=30 Delimiter="
08:23:14,111 (main) DEBUG [DataNucleus.Datastore] - Support for Identifiers in DDL : catalog=false schema=true
08:23:14,111 (main) DEBUG [DataNucleus.Datastore] - Datastore : checkTableViewExistence, rdbmsConstraintCreateMode=DataNucleus, initialiseColumnInfo=ALL
08:23:14,111 (main) DEBUG [DataNucleus.Datastore] - Support Statement Batching : yes (max-batch-size=50)
08:23:14,111 (main) DEBUG [DataNucleus.Datastore] - Queries : Results direction=forward, type=forward-only, concurrency=read-only
08:23:14,111 (main) DEBUG [DataNucleus.Datastore] - Java-Types : string-default-length=255
08:23:14,111 (main) DEBUG [DataNucleus.Datastore] - JDBC-Types : NCLOB, NCHAR, [id=2007], REF, CLOB, BLOB, ARRAY, STRUCT, DATE, TIME, TIMESTAMP, VARCHAR, LONGVARCHAR, VARBINARY, LONGVARBINARY, BIGINT, TINYINT, BIT, NVARCHAR, [id=-101], CHAR, [id=-103], NUMERIC, [id=-102], DECIMAL, INTEGER, SMALLINT, FLOAT, REAL, DOUBLE, [id=-104]
08:23:14,111 (main) DEBUG [DataNucleus.Datastore] - ===========================================================
08:23:14,111 (main) DEBUG [DataNucleus.Connection] - ManagedConnection CLOSED : "org.datanucleus.store.rdbms.ConnectionFactoryImpl$ManagedConnectionImpl@56cdfb3b [conn=org.datanucleus.store.rdbms.datasource.dbcp2.PoolingDataSource$PoolGuardConnectionWrapper@7283d3eb, commitOnRelease=true, closeOnRelease=true, closeOnTxnEnd=true]"
08:23:14,112 (main) DEBUG [DataNucleus.Datastore] - StoreManager now created
08:23:14,114 (main) DEBUG [DataNucleus.Persistence] - Started pool of ExecutionContext (maxPool=20, reaperThread=false)
08:23:14,118 (main) DEBUG [DataNucleus.Persistence] - ================= NucleusContext ===============
08:23:14,118 (main) DEBUG [DataNucleus.Persistence] - DataNucleus Context : Version "5.1.10" with JRE "1.8.0_201" on "Windows 10"
08:23:14,118 (main) DEBUG [DataNucleus.Persistence] - Persistence API : JDO
08:23:14,118 (main) DEBUG [DataNucleus.Persistence] - Persistence-Unit : Parranderos
08:23:14,118 (main) DEBUG [DataNucleus.Persistence] - Plugin Registry : org.datanucleus.plugin.NonManagedPluginRegistry
08:23:14,118 (main) DEBUG [DataNucleus.Persistence] - ClassLoading : default
08:23:14,119 (main) DEBUG [DataNucleus.Persistence] - Persistence : pm-singlethreaded, nontransactional-read, nontransactional-write, reachability-at-commit, copy-on-attach, managed-relations(checked), deletion-policy=JDO2, serverTimeZone=America/Bogota
08:23:14,119 (main) DEBUG [DataNucleus.Persistence] - Transactions : type=RESOURCE_LOCAL, mode=datastore, isolation=read-committed
08:23:14,119 (main) DEBUG [DataNucleus.Persistence] - ValueGeneration : txn-isolation=read-committed connection=New
08:23:14,119 (main) DEBUG [DataNucleus.Persistence] - Cache : Level1 (soft), Level2 (soft, mode=UNSPECIFIED), QueryResults (soft), Collections/Maps 
08:23:14,119 (main) DEBUG [DataNucleus.Persistence] - ================================================
08:23:18,311 (AWT-EventQueue-0) DEBUG [DataNucleus.Persistence] - ExecutionContext OPENED "org.datanucleus.ExecutionContextImpl@31bf36eb" for datastore "org.datanucleus.store.rdbms.RDBMSStoreManager@45514fcd" with txn="org.datanucleus.TransactionImpl@17c8168e"
08:23:18,331 (AWT-EventQueue-0) DEBUG [DataNucleus.Query] - SQL Query : "SELECT * FROM A_TIPOBEBIDA"
08:23:18,351 (AWT-EventQueue-0) DEBUG [DataNucleus.Connection] - ManagedConnection OPENED : "org.datanucleus.store.rdbms.ConnectionFactoryImpl$ManagedConnectionImpl@4b5b7f46 [conn=org.datanucleus.store.rdbms.datasource.dbcp2.PoolingDataSource$PoolGuardConnectionWrapper@3726af0e, commitOnRelease=true, closeOnRelease=true, closeOnTxnEnd=true]" on resource "nontx" with isolation level "read-committed" and auto-commit=false
08:23:18,430 (AWT-EventQueue-0) DEBUG [DataNucleus.Datastore] - Using PreparedStatement "oracle.jdbc.driver.OraclePreparedStatementWrapper@443fd408" for connection "org.datanucleus.store.rdbms.datasource.dbcp2.PoolingDataSource$PoolGuardConnectionWrapper@3726af0e"
08:23:18,435 (AWT-EventQueue-0) DEBUG [DataNucleus.Datastore.Native] - SELECT * FROM A_TIPOBEBIDA
08:23:18,458 (AWT-EventQueue-0) DEBUG [DataNucleus.Datastore] - Closing PreparedStatement "org.datanucleus.store.rdbms.ParamLoggingPreparedStatement@7540fca4"
08:23:18,459 (AWT-EventQueue-0) DEBUG [DataNucleus.Connection] - ManagedConnection COMMITTING : "org.datanucleus.store.rdbms.ConnectionFactoryImpl$ManagedConnectionImpl@4b5b7f46 [conn=org.datanucleus.store.rdbms.datasource.dbcp2.PoolingDataSource$PoolGuardConnectionWrapper@3726af0e, commitOnRelease=true, closeOnRelease=true, closeOnTxnEnd=true]"
08:23:18,463 (AWT-EventQueue-0) DEBUG [DataNucleus.Connection] - ManagedConnection CLOSED : "org.datanucleus.store.rdbms.ConnectionFactoryImpl$ManagedConnectionImpl@4b5b7f46 [conn=org.datanucleus.store.rdbms.datasource.dbcp2.PoolingDataSource$PoolGuardConnectionWrapper@3726af0e, commitOnRelease=true, closeOnRelease=true, closeOnTxnEnd=true]"
